#
# There is insufficient memory for the Java Runtime Environment to continue.
# Native memory allocation (malloc) failed to allocate 1197168 bytes. Error detail: Chunk::new
# Possible reasons:
#   The system is out of physical RAM or swap space
#   This process is running with CompressedOops enabled, and the Java Heap may be blocking the growth of the native heap
# Possible solutions:
#   Reduce memory load on the system
#   Increase physical memory or swap space
#   Check if swap backing store is full
#   Decrease Java heap size (-Xmx/-Xms)
#   Decrease number of Java threads
#   Decrease Java thread stack sizes (-Xss)
#   Set larger code cache with -XX:ReservedCodeCacheSize=
#   JVM is running with Unscaled Compressed Oops mode in which the Java heap is
#     placed in the first 4GB address space. The Java Heap base address is the
#     maximum limit for the native heap growth. Please use -XX:HeapBaseMinAddress
#     to set the Java Heap base and to place the Java Heap above 4GB virtual address.
# This output file may be truncated or incomplete.
#
#  Out of Memory Error (arena.cpp:168), pid=4892, tid=20764
#
# JRE version: OpenJDK Runtime Environment (21.0.7) (build 21.0.7+-13880790-b1038.58)
# Java VM: OpenJDK 64-Bit Server VM (21.0.7+-13880790-b1038.58, mixed mode, tiered, compressed oops, compressed class ptrs, g1 gc, windows-amd64)
# No core dump will be written. Minidumps are not enabled by default on client versions of Windows
#

---------------  S U M M A R Y ------------

Command Line: --add-opens=java.base/java.lang=ALL-UNNAMED --add-opens=java.base/java.lang.invoke=ALL-UNNAMED --add-opens=java.base/java.util=ALL-UNNAMED --add-opens=java.prefs/java.util.prefs=ALL-UNNAMED --add-exports=jdk.compiler/com.sun.tools.javac.api=ALL-UNNAMED --add-exports=jdk.compiler/com.sun.tools.javac.util=ALL-UNNAMED --add-opens=java.base/java.util=ALL-UNNAMED --add-opens=java.prefs/java.util.prefs=ALL-UNNAMED --add-opens=java.base/java.nio.charset=ALL-UNNAMED --add-opens=java.base/java.net=ALL-UNNAMED --add-opens=java.base/java.util.concurrent.atomic=ALL-UNNAMED --add-opens=java.xml/javax.xml.namespace=ALL-UNNAMED -Xmx2048m -Dfile.encoding=UTF-8 -Duser.country=US -Duser.language=en -Duser.variant -javaagent:C:\Users\Shath\.gradle\wrapper\dists\gradle-8.13-bin\5xuhj0ry160q40clulazy9h7d\gradle-8.13\lib\agents\gradle-instrumentation-agent-8.13.jar org.gradle.launcher.daemon.bootstrap.GradleDaemon 8.13

Host: Intel(R) Core(TM) i3-10110U CPU @ 2.10GHz, 4 cores, 7G,  Windows 11 , 64 bit Build 26100 (10.0.26100.7309)
Time: Wed Dec 31 19:08:44 2025 Jordan Standard Time elapsed time: 34.992821 seconds (0d 0h 0m 34s)

---------------  T H R E A D  ---------------

Current thread (0x000001e73e06f960):  JavaThread "C2 CompilerThread0" daemon [_thread_in_native, id=20764, stack(0x0000003b68500000,0x0000003b68600000) (1024K)]


Current CompileTask:
C2:34992 9085       4       org.gradle.internal.service.DefaultServiceRegistry$SingletonService::get (5 bytes)

Stack: [0x0000003b68500000,0x0000003b68600000]
Native frames: (J=compiled Java code, j=interpreted, Vv=VM code, C=native code)
V  [jvm.dll+0x6d25c9]
V  [jvm.dll+0x860923]
V  [jvm.dll+0x862e7e]
V  [jvm.dll+0x863563]
V  [jvm.dll+0x27f156]
V  [jvm.dll+0xc002d]
V  [jvm.dll+0xc0563]
V  [jvm.dll+0x3b6d3b]
V  [jvm.dll+0x382c27]
V  [jvm.dll+0x38209a]
V  [jvm.dll+0x247e72]
V  [jvm.dll+0x247441]
V  [jvm.dll+0x1c5fb4]
V  [jvm.dll+0x256bac]
V  [jvm.dll+0x2550f6]
V  [jvm.dll+0x3f1d16]
V  [jvm.dll+0x808d08]
V  [jvm.dll+0x6d0e1d]
C  [ucrtbase.dll+0x37b0]
C  [KERNEL32.DLL+0x2e8d7]
C  [ntdll.dll+0x8c53c]


---------------  P R O C E S S  ---------------

Threads class SMR info:
_java_thread_list=0x000001e7414e5ff0, length=55, elements={
0x000001e720996f10, 0x000001e73e023dd0, 0x000001e73e05ecc0, 0x000001e73e05f720,
0x000001e73e0610f0, 0x000001e73e06c700, 0x000001e73e06d160, 0x000001e73e06dbc0,
0x000001e73e06f960, 0x000001e73e0ddd30, 0x000001e73e2c57b0, 0x000001e73e4429e0,
0x000001e73fb30910, 0x000001e73f70c740, 0x000001e73f70cdb0, 0x000001e73e6c5410,
0x000001e73fb71ab0, 0x000001e73fb72120, 0x000001e73f913d70, 0x000001e73f914400,
0x000001e73f913050, 0x000001e73f9136e0, 0x000001e73fc96750, 0x000001e73fc97470,
0x000001e73fc94680, 0x000001e73fc97b00, 0x000001e73fc98190, 0x000001e73fc95a30,
0x000001e73fc94d10, 0x000001e73fc96de0, 0x000001e73fc953a0, 0x000001e73fc960c0,
0x000001e73fc9af80, 0x000001e73fc98eb0, 0x000001e73fc9b610, 0x000001e73fc99540,
0x000001e73fc99bd0, 0x000001e73fc9a8f0, 0x000001e7438de820, 0x000001e7438dd470,
0x000001e7438dc0c0, 0x000001e7438ddb00, 0x000001e7438de190, 0x000001e7438deeb0,
0x000001e7438df540, 0x000001e7438dcde0, 0x000001e7438e36e0, 0x000001e7438e2330,
0x000001e7438e08f0, 0x000001e7438e1610, 0x000001e7438e0f80, 0x000001e7438e29c0,
0x000001e7438e1ca0, 0x000001e7438e3050, 0x000001e742f98f80
}

Java Threads: ( => current thread )
  0x000001e720996f10 JavaThread "main"                              [_thread_blocked, id=24116, stack(0x0000003b67600000,0x0000003b67700000) (1024K)]
  0x000001e73e023dd0 JavaThread "Common-Cleaner"             daemon [_thread_blocked, id=20616, stack(0x0000003b67e00000,0x0000003b67f00000) (1024K)]
  0x000001e73e05ecc0 JavaThread "Reference Handler"          daemon [_thread_blocked, id=5220, stack(0x0000003b67f00000,0x0000003b68000000) (1024K)]
  0x000001e73e05f720 JavaThread "Finalizer"                  daemon [_thread_blocked, id=14572, stack(0x0000003b68000000,0x0000003b68100000) (1024K)]
  0x000001e73e0610f0 JavaThread "Signal Dispatcher"          daemon [_thread_blocked, id=7888, stack(0x0000003b68100000,0x0000003b68200000) (1024K)]
  0x000001e73e06c700 JavaThread "Attach Listener"            daemon [_thread_blocked, id=18208, stack(0x0000003b68200000,0x0000003b68300000) (1024K)]
  0x000001e73e06d160 JavaThread "Service Thread"             daemon [_thread_blocked, id=14472, stack(0x0000003b68300000,0x0000003b68400000) (1024K)]
  0x000001e73e06dbc0 JavaThread "Monitor Deflation Thread"   daemon [_thread_blocked, id=15888, stack(0x0000003b68400000,0x0000003b68500000) (1024K)]
=>0x000001e73e06f960 JavaThread "C2 CompilerThread0"         daemon [_thread_in_native, id=20764, stack(0x0000003b68500000,0x0000003b68600000) (1024K)]
  0x000001e73e0ddd30 JavaThread "C1 CompilerThread0"         daemon [_thread_blocked, id=6896, stack(0x0000003b68600000,0x0000003b68700000) (1024K)]
  0x000001e73e2c57b0 JavaThread "Notification Thread"        daemon [_thread_blocked, id=18908, stack(0x0000003b68700000,0x0000003b68800000) (1024K)]
  0x000001e73e4429e0 JavaThread "Daemon health stats"               [_thread_blocked, id=16216, stack(0x0000003b68b00000,0x0000003b68c00000) (1024K)]
  0x000001e73fb30910 JavaThread "Incoming local TCP Connector on port 44654"        [_thread_in_native, id=15916, stack(0x0000003b68c00000,0x0000003b68d00000) (1024K)]
  0x000001e73f70c740 JavaThread "Daemon periodic checks"            [_thread_blocked, id=14452, stack(0x0000003b68d00000,0x0000003b68e00000) (1024K)]
  0x000001e73f70cdb0 JavaThread "Daemon"                            [_thread_blocked, id=13900, stack(0x0000003b68e00000,0x0000003b68f00000) (1024K)]
  0x000001e73e6c5410 JavaThread "Handler for socket connection from /127.0.0.1:44654 to /127.0.0.1:44655"        [_thread_in_native, id=20352, stack(0x0000003b68f00000,0x0000003b69000000) (1024K)]
  0x000001e73fb71ab0 JavaThread "Cancel handler"                    [_thread_blocked, id=22764, stack(0x0000003b69000000,0x0000003b69100000) (1024K)]
  0x000001e73fb72120 JavaThread "Daemon worker"                     [_thread_in_vm, id=2628, stack(0x0000003b69100000,0x0000003b69200000) (1024K)]
  0x000001e73f913d70 JavaThread "Asynchronous log dispatcher for DefaultDaemonConnection: socket connection from /127.0.0.1:44654 to /127.0.0.1:44655"        [_thread_blocked, id=3184, stack(0x0000003b69200000,0x0000003b69300000) (1024K)]
  0x000001e73f914400 JavaThread "Stdin handler"                     [_thread_blocked, id=23748, stack(0x0000003b69300000,0x0000003b69400000) (1024K)]
  0x000001e73f913050 JavaThread "Daemon client event forwarder"        [_thread_blocked, id=3424, stack(0x0000003b69400000,0x0000003b69500000) (1024K)]
  0x000001e73f9136e0 JavaThread "Cache worker for journal cache (C:\Users\Shath\.gradle\caches\journal-1)"        [_thread_blocked, id=11204, stack(0x0000003b69500000,0x0000003b69600000) (1024K)]
  0x000001e73fc96750 JavaThread "File lock request listener"        [_thread_in_native, id=23332, stack(0x0000003b69600000,0x0000003b69700000) (1024K)]
  0x000001e73fc97470 JavaThread "Cache worker for file hash cache (C:\Users\Shath\.gradle\caches\8.13\fileHashes)"        [_thread_blocked, id=18464, stack(0x0000003b69700000,0x0000003b69800000) (1024K)]
  0x000001e73fc94680 JavaThread "Cache worker for file hash cache (C:\Users\Shath\Desktop\StudyMate\.gradle\8.13\fileHashes)"        [_thread_blocked, id=18528, stack(0x0000003b69900000,0x0000003b69a00000) (1024K)]
  0x000001e73fc97b00 JavaThread "Cache worker for Build Output Cleanup Cache (C:\Users\Shath\Desktop\StudyMate\.gradle\buildOutputCleanup)"        [_thread_blocked, id=1592, stack(0x0000003b69a00000,0x0000003b69b00000) (1024K)]
  0x000001e73fc98190 JavaThread "File watcher server"        daemon [_thread_in_native, id=22572, stack(0x0000003b69b00000,0x0000003b69c00000) (1024K)]
  0x000001e73fc95a30 JavaThread "File watcher consumer"      daemon [_thread_blocked, id=21968, stack(0x0000003b69c00000,0x0000003b69d00000) (1024K)]
  0x000001e73fc94d10 JavaThread "jar transforms"                    [_thread_blocked, id=6944, stack(0x0000003b69d00000,0x0000003b69e00000) (1024K)]
  0x000001e73fc96de0 JavaThread "jar transforms Thread 2"           [_thread_blocked, id=20636, stack(0x0000003b69e00000,0x0000003b69f00000) (1024K)]
  0x000001e73fc953a0 JavaThread "Cache worker for checksums cache (C:\Users\Shath\Desktop\StudyMate\.gradle\8.13\checksums)"        [_thread_blocked, id=16460, stack(0x0000003b69800000,0x0000003b69900000) (1024K)]
  0x000001e73fc960c0 JavaThread "Cache worker for file content cache (C:\Users\Shath\.gradle\caches\8.13\fileContent)"        [_thread_blocked, id=8644, stack(0x0000003b69f00000,0x0000003b6a000000) (1024K)]
  0x000001e73fc9af80 JavaThread "jar transforms Thread 3"           [_thread_blocked, id=19672, stack(0x0000003b6a000000,0x0000003b6a100000) (1024K)]
  0x000001e73fc98eb0 JavaThread "Cache worker for cache directory md-supplier (C:\Users\Shath\.gradle\caches\8.13\md-supplier)"        [_thread_blocked, id=22256, stack(0x0000003b6a100000,0x0000003b6a200000) (1024K)]
  0x000001e73fc9b610 JavaThread "Cache worker for cache directory md-rule (C:\Users\Shath\.gradle\caches\8.13\md-rule)"        [_thread_blocked, id=24408, stack(0x0000003b6a200000,0x0000003b6a300000) (1024K)]
  0x000001e73fc99540 JavaThread "Unconstrained build operations"        [_thread_blocked, id=3996, stack(0x0000003b6a300000,0x0000003b6a400000) (1024K)]
  0x000001e73fc99bd0 JavaThread "Unconstrained build operations Thread 2"        [_thread_blocked, id=17604, stack(0x0000003b6a400000,0x0000003b6a500000) (1024K)]
  0x000001e73fc9a8f0 JavaThread "Unconstrained build operations Thread 3"        [_thread_blocked, id=18116, stack(0x0000003b6a500000,0x0000003b6a600000) (1024K)]
  0x000001e7438de820 JavaThread "Unconstrained build operations Thread 4"        [_thread_blocked, id=8800, stack(0x0000003b6a600000,0x0000003b6a700000) (1024K)]
  0x000001e7438dd470 JavaThread "Unconstrained build operations Thread 5"        [_thread_blocked, id=3872, stack(0x0000003b6a700000,0x0000003b6a800000) (1024K)]
  0x000001e7438dc0c0 JavaThread "Unconstrained build operations Thread 6"        [_thread_blocked, id=12964, stack(0x0000003b6a800000,0x0000003b6a900000) (1024K)]
  0x000001e7438ddb00 JavaThread "jar transforms Thread 4"           [_thread_blocked, id=15532, stack(0x0000003b6a900000,0x0000003b6aa00000) (1024K)]
  0x000001e7438de190 JavaThread "Unconstrained build operations Thread 7"        [_thread_blocked, id=16648, stack(0x0000003b6aa00000,0x0000003b6ab00000) (1024K)]
  0x000001e7438deeb0 JavaThread "Unconstrained build operations Thread 8"        [_thread_blocked, id=23572, stack(0x0000003b6ab00000,0x0000003b6ac00000) (1024K)]
  0x000001e7438df540 JavaThread "Unconstrained build operations Thread 9"        [_thread_blocked, id=20396, stack(0x0000003b6ac00000,0x0000003b6ad00000) (1024K)]
  0x000001e7438dcde0 JavaThread "Unconstrained build operations Thread 10"        [_thread_blocked, id=18136, stack(0x0000003b6ae00000,0x0000003b6af00000) (1024K)]
  0x000001e7438e36e0 JavaThread "Unconstrained build operations Thread 11"        [_thread_blocked, id=17144, stack(0x0000003b6af00000,0x0000003b6b000000) (1024K)]
  0x000001e7438e2330 JavaThread "Unconstrained build operations Thread 12"        [_thread_blocked, id=9020, stack(0x0000003b6b000000,0x0000003b6b100000) (1024K)]
  0x000001e7438e08f0 JavaThread "Unconstrained build operations Thread 13"        [_thread_blocked, id=13472, stack(0x0000003b6b100000,0x0000003b6b200000) (1024K)]
  0x000001e7438e1610 JavaThread "Unconstrained build operations Thread 14"        [_thread_blocked, id=23744, stack(0x0000003b6b200000,0x0000003b6b300000) (1024K)]
  0x000001e7438e0f80 JavaThread "Unconstrained build operations Thread 15"        [_thread_blocked, id=14944, stack(0x0000003b6b300000,0x0000003b6b400000) (1024K)]
  0x000001e7438e29c0 JavaThread "Unconstrained build operations Thread 16"        [_thread_blocked, id=19184, stack(0x0000003b6b400000,0x0000003b6b500000) (1024K)]
  0x000001e7438e1ca0 JavaThread "Unconstrained build operations Thread 17"        [_thread_blocked, id=24544, stack(0x0000003b6b500000,0x0000003b6b600000) (1024K)]
  0x000001e7438e3050 JavaThread "Unconstrained build operations Thread 18"        [_thread_blocked, id=8620, stack(0x0000003b6b600000,0x0000003b6b700000) (1024K)]
  0x000001e742f98f80 JavaThread "build event listener"              [_thread_blocked, id=22568, stack(0x0000003b6ad00000,0x0000003b6ae00000) (1024K)]
Total: 55

Other Threads:
  0x000001e739b58fa0 VMThread "VM Thread"                           [id=22996, stack(0x0000003b67d00000,0x0000003b67e00000) (1024K)]
  0x000001e739ac18b0 WatcherThread "VM Periodic Task Thread"        [id=23160, stack(0x0000003b67c00000,0x0000003b67d00000) (1024K)]
  0x000001e722d32170 WorkerThread "GC Thread#0"                     [id=20124, stack(0x0000003b67700000,0x0000003b67800000) (1024K)]
  0x000001e73e4a5d20 WorkerThread "GC Thread#1"                     [id=16832, stack(0x0000003b68800000,0x0000003b68900000) (1024K)]
  0x000001e73e4a60c0 WorkerThread "GC Thread#2"                     [id=23024, stack(0x0000003b68900000,0x0000003b68a00000) (1024K)]
  0x000001e73f387320 WorkerThread "GC Thread#3"                     [id=21196, stack(0x0000003b68a00000,0x0000003b68b00000) (1024K)]
  0x000001e722d43060 ConcurrentGCThread "G1 Main Marker"            [id=3456, stack(0x0000003b67800000,0x0000003b67900000) (1024K)]
  0x000001e722d43a70 WorkerThread "G1 Conc#0"                       [id=22432, stack(0x0000003b67900000,0x0000003b67a00000) (1024K)]
  0x000001e73998fca0 ConcurrentGCThread "G1 Refine#0"               [id=7456, stack(0x0000003b67a00000,0x0000003b67b00000) (1024K)]
  0x000001e739991ba0 ConcurrentGCThread "G1 Service"                [id=20368, stack(0x0000003b67b00000,0x0000003b67c00000) (1024K)]
Total: 10

Threads with active compile tasks:
C2 CompilerThread0  35031 9085       4       org.gradle.internal.service.DefaultServiceRegistry$SingletonService::get (5 bytes)
Total: 1

VM state: not at safepoint (normal execution)

VM Mutex/Monitor currently owned by a thread: None

Heap address: 0x0000000080000000, size: 2048 MB, Compressed Oops mode: 32-bit

CDS archive(s) not mapped
Compressed class space mapped at: 0x0000000100000000-0x0000000140000000, reserved size: 1073741824
Narrow klass base: 0x0000000000000000, Narrow klass shift: 3, Narrow klass range: 0x140000000

GC Precious Log:
 CardTable entry size: 512
 Card Set container configuration: InlinePtr #cards 5 size 8 Array Of Cards #cards 12 size 40 Howl #buckets 4 coarsen threshold 1843 Howl Bitmap #cards 512 size 80 coarsen threshold 460 Card regions per heap region 1 cards per card region 2048
 CPUs: 4 total, 4 available
 Memory: 8025M
 Large Page Support: Disabled
 NUMA Support: Disabled
 Compressed Oops: Enabled (32-bit)
 Heap Region Size: 1M
 Heap Min Capacity: 8M
 Heap Initial Capacity: 126M
 Heap Max Capacity: 2G
 Pre-touch: Disabled
 Parallel Workers: 4
 Concurrent Workers: 1
 Concurrent Refinement Workers: 4
 Periodic GC: Disabled

Heap:
 garbage-first heap   total 116736K, used 81395K [0x0000000080000000, 0x0000000100000000)
  region size 1024K, 16 young (16384K), 2 survivors (2048K)
 Metaspace       used 79820K, committed 81600K, reserved 1179648K
  class space    used 10783K, committed 11648K, reserved 1048576K

Heap Regions: E=young(eden), S=young(survivor), O=old, HS=humongous(starts), HC=humongous(continues), CS=collection set, F=free, TAMS=top-at-mark-start, PB=parsable bottom
|   0|0x0000000080000000, 0x0000000080100000, 0x0000000080100000|100%|HS|  |TAMS 0x0000000080000000| PB 0x0000000080000000| Complete 
|   1|0x0000000080100000, 0x0000000080200000, 0x0000000080200000|100%|HC|  |TAMS 0x0000000080100000| PB 0x0000000080100000| Complete 
|   2|0x0000000080200000, 0x0000000080300000, 0x0000000080300000|100%|HC|  |TAMS 0x0000000080200000| PB 0x0000000080200000| Complete 
|   3|0x0000000080300000, 0x0000000080400000, 0x0000000080400000|100%| O|  |TAMS 0x0000000080300000| PB 0x0000000080300000| Untracked 
|   4|0x0000000080400000, 0x0000000080500000, 0x0000000080500000|100%| O|  |TAMS 0x0000000080400000| PB 0x0000000080400000| Untracked 
|   5|0x0000000080500000, 0x0000000080600000, 0x0000000080600000|100%| O|  |TAMS 0x0000000080500000| PB 0x0000000080500000| Untracked 
|   6|0x0000000080600000, 0x0000000080700000, 0x0000000080700000|100%| O|  |TAMS 0x0000000080600000| PB 0x0000000080600000| Untracked 
|   7|0x0000000080700000, 0x0000000080800000, 0x0000000080800000|100%|HS|  |TAMS 0x0000000080700000| PB 0x0000000080700000| Complete 
|   8|0x0000000080800000, 0x0000000080900000, 0x0000000080900000|100%| O|  |TAMS 0x0000000080800000| PB 0x0000000080800000| Untracked 
|   9|0x0000000080900000, 0x0000000080a00000, 0x0000000080a00000|100%| O|  |TAMS 0x0000000080900000| PB 0x0000000080900000| Untracked 
|  10|0x0000000080a00000, 0x0000000080b00000, 0x0000000080b00000|100%| O|  |TAMS 0x0000000080a00000| PB 0x0000000080a00000| Untracked 
|  11|0x0000000080b00000, 0x0000000080c00000, 0x0000000080c00000|100%| O|  |TAMS 0x0000000080b00000| PB 0x0000000080b00000| Untracked 
|  12|0x0000000080c00000, 0x0000000080d00000, 0x0000000080d00000|100%| O|  |TAMS 0x0000000080c00000| PB 0x0000000080c00000| Untracked 
|  13|0x0000000080d00000, 0x0000000080e00000, 0x0000000080e00000|100%| O|  |TAMS 0x0000000080d00000| PB 0x0000000080d00000| Untracked 
|  14|0x0000000080e00000, 0x0000000080f00000, 0x0000000080f00000|100%| O|  |TAMS 0x0000000080e00000| PB 0x0000000080e00000| Untracked 
|  15|0x0000000080f00000, 0x0000000081000000, 0x0000000081000000|100%| O|  |TAMS 0x0000000080f00000| PB 0x0000000080f00000| Untracked 
|  16|0x0000000081000000, 0x0000000081100000, 0x0000000081100000|100%| O|  |TAMS 0x0000000081000000| PB 0x0000000081000000| Untracked 
|  17|0x0000000081100000, 0x0000000081200000, 0x0000000081200000|100%| O|  |TAMS 0x0000000081100000| PB 0x0000000081100000| Untracked 
|  18|0x0000000081200000, 0x0000000081300000, 0x0000000081300000|100%| O|  |TAMS 0x0000000081200000| PB 0x0000000081200000| Untracked 
|  19|0x0000000081300000, 0x0000000081400000, 0x0000000081400000|100%| O|  |TAMS 0x0000000081300000| PB 0x0000000081300000| Untracked 
|  20|0x0000000081400000, 0x0000000081500000, 0x0000000081500000|100%| O|  |TAMS 0x0000000081400000| PB 0x0000000081400000| Untracked 
|  21|0x0000000081500000, 0x0000000081600000, 0x0000000081600000|100%| O|  |TAMS 0x0000000081500000| PB 0x0000000081500000| Untracked 
|  22|0x0000000081600000, 0x0000000081700000, 0x0000000081700000|100%| O|  |TAMS 0x0000000081600000| PB 0x0000000081600000| Untracked 
|  23|0x0000000081700000, 0x0000000081800000, 0x0000000081800000|100%| O|  |TAMS 0x0000000081700000| PB 0x0000000081700000| Untracked 
|  24|0x0000000081800000, 0x0000000081900000, 0x0000000081900000|100%| O|  |TAMS 0x0000000081800000| PB 0x0000000081800000| Untracked 
|  25|0x0000000081900000, 0x0000000081a00000, 0x0000000081a00000|100%| O|  |TAMS 0x0000000081900000| PB 0x0000000081900000| Untracked 
|  26|0x0000000081a00000, 0x0000000081b00000, 0x0000000081b00000|100%| O|  |TAMS 0x0000000081a00000| PB 0x0000000081a00000| Untracked 
|  27|0x0000000081b00000, 0x0000000081c00000, 0x0000000081c00000|100%| O|  |TAMS 0x0000000081b00000| PB 0x0000000081b00000| Untracked 
|  28|0x0000000081c00000, 0x0000000081d00000, 0x0000000081d00000|100%| O|  |TAMS 0x0000000081c00000| PB 0x0000000081c00000| Untracked 
|  29|0x0000000081d00000, 0x0000000081e00000, 0x0000000081e00000|100%| O|  |TAMS 0x0000000081d00000| PB 0x0000000081d00000| Untracked 
|  30|0x0000000081e00000, 0x0000000081f00000, 0x0000000081f00000|100%| O|  |TAMS 0x0000000081e00000| PB 0x0000000081e00000| Untracked 
|  31|0x0000000081f00000, 0x0000000082000000, 0x0000000082000000|100%| O|  |TAMS 0x0000000081f00000| PB 0x0000000081f00000| Untracked 
|  32|0x0000000082000000, 0x0000000082100000, 0x0000000082100000|100%| O|  |TAMS 0x0000000082000000| PB 0x0000000082000000| Untracked 
|  33|0x0000000082100000, 0x0000000082200000, 0x0000000082200000|100%| O|  |TAMS 0x0000000082100000| PB 0x0000000082100000| Untracked 
|  34|0x0000000082200000, 0x0000000082300000, 0x0000000082300000|100%| O|  |TAMS 0x0000000082200000| PB 0x0000000082200000| Untracked 
|  35|0x0000000082300000, 0x0000000082400000, 0x0000000082400000|100%| O|  |TAMS 0x0000000082300000| PB 0x0000000082300000| Untracked 
|  36|0x0000000082400000, 0x0000000082500000, 0x0000000082500000|100%|HS|  |TAMS 0x0000000082400000| PB 0x0000000082400000| Complete 
|  37|0x0000000082500000, 0x0000000082600000, 0x0000000082600000|100%| O|  |TAMS 0x0000000082500000| PB 0x0000000082500000| Untracked 
|  38|0x0000000082600000, 0x0000000082700000, 0x0000000082700000|100%| O|  |TAMS 0x0000000082600000| PB 0x0000000082600000| Untracked 
|  39|0x0000000082700000, 0x0000000082800000, 0x0000000082800000|100%| O|  |TAMS 0x0000000082700000| PB 0x0000000082700000| Untracked 
|  40|0x0000000082800000, 0x0000000082900000, 0x0000000082900000|100%| O|  |TAMS 0x0000000082800000| PB 0x0000000082800000| Untracked 
|  41|0x0000000082900000, 0x0000000082a00000, 0x0000000082a00000|100%| O|Cm|TAMS 0x0000000082900000| PB 0x0000000082900000| Complete 
|  42|0x0000000082a00000, 0x0000000082b00000, 0x0000000082b00000|100%| O|Cm|TAMS 0x0000000082a00000| PB 0x0000000082a00000| Complete 
|  43|0x0000000082b00000, 0x0000000082c00000, 0x0000000082c00000|100%|HS|  |TAMS 0x0000000082b00000| PB 0x0000000082b00000| Complete 
|  44|0x0000000082c00000, 0x0000000082d00000, 0x0000000082d00000|100%| O|  |TAMS 0x0000000082c00000| PB 0x0000000082c00000| Untracked 
|  45|0x0000000082d00000, 0x0000000082e00000, 0x0000000082e00000|100%| O|  |TAMS 0x0000000082d00000| PB 0x0000000082d00000| Untracked 
|  46|0x0000000082e00000, 0x0000000082f00000, 0x0000000082f00000|100%| O|  |TAMS 0x0000000082e00000| PB 0x0000000082e00000| Untracked 
|  47|0x0000000082f00000, 0x0000000083000000, 0x0000000083000000|100%| O|  |TAMS 0x0000000082f00000| PB 0x0000000082f00000| Untracked 
|  48|0x0000000083000000, 0x0000000083100000, 0x0000000083100000|100%| O|  |TAMS 0x0000000083000000| PB 0x0000000083000000| Untracked 
|  49|0x0000000083100000, 0x0000000083200000, 0x0000000083200000|100%| O|  |TAMS 0x0000000083100000| PB 0x0000000083100000| Untracked 
|  50|0x0000000083200000, 0x0000000083300000, 0x0000000083300000|100%|HS|  |TAMS 0x0000000083200000| PB 0x0000000083200000| Complete 
|  51|0x0000000083300000, 0x0000000083400000, 0x0000000083400000|100%|HS|  |TAMS 0x0000000083300000| PB 0x0000000083300000| Complete 
|  52|0x0000000083400000, 0x0000000083500000, 0x0000000083500000|100%| O|  |TAMS 0x0000000083400000| PB 0x0000000083400000| Untracked 
|  53|0x0000000083500000, 0x0000000083600000, 0x0000000083600000|100%| O|  |TAMS 0x0000000083500000| PB 0x0000000083500000| Untracked 
|  54|0x0000000083600000, 0x0000000083700000, 0x0000000083700000|100%|HS|  |TAMS 0x0000000083600000| PB 0x0000000083600000| Complete 
|  55|0x0000000083700000, 0x0000000083800000, 0x0000000083800000|100%|HS|  |TAMS 0x0000000083700000| PB 0x0000000083700000| Complete 
|  56|0x0000000083800000, 0x0000000083900000, 0x0000000083900000|100%| O|  |TAMS 0x0000000083800000| PB 0x0000000083800000| Untracked 
|  57|0x0000000083900000, 0x0000000083a00000, 0x0000000083a00000|100%| O|  |TAMS 0x0000000083900000| PB 0x0000000083900000| Untracked 
|  58|0x0000000083a00000, 0x0000000083a52948, 0x0000000083b00000| 32%| O|  |TAMS 0x0000000083a00000| PB 0x0000000083a00000| Untracked 
|  59|0x0000000083b00000, 0x0000000083c00000, 0x0000000083c00000|100%| O|  |TAMS 0x0000000083b00000| PB 0x0000000083b00000| Untracked 
|  60|0x0000000083c00000, 0x0000000083c00000, 0x0000000083d00000|  0%| F|  |TAMS 0x0000000083c00000| PB 0x0000000083c00000| Untracked 
|  61|0x0000000083d00000, 0x0000000083d00000, 0x0000000083e00000|  0%| F|  |TAMS 0x0000000083d00000| PB 0x0000000083d00000| Untracked 
|  62|0x0000000083e00000, 0x0000000083e00000, 0x0000000083f00000|  0%| F|  |TAMS 0x0000000083e00000| PB 0x0000000083e00000| Untracked 
|  63|0x0000000083f00000, 0x0000000083f00000, 0x0000000084000000|  0%| F|  |TAMS 0x0000000083f00000| PB 0x0000000083f00000| Untracked 
|  64|0x0000000084000000, 0x0000000084000000, 0x0000000084100000|  0%| F|  |TAMS 0x0000000084000000| PB 0x0000000084000000| Untracked 
|  65|0x0000000084100000, 0x0000000084100000, 0x0000000084200000|  0%| F|  |TAMS 0x0000000084100000| PB 0x0000000084100000| Untracked 
|  66|0x0000000084200000, 0x0000000084200000, 0x0000000084300000|  0%| F|  |TAMS 0x0000000084200000| PB 0x0000000084200000| Untracked 
|  67|0x0000000084300000, 0x0000000084300000, 0x0000000084400000|  0%| F|  |TAMS 0x0000000084300000| PB 0x0000000084300000| Untracked 
|  68|0x0000000084400000, 0x0000000084400000, 0x0000000084500000|  0%| F|  |TAMS 0x0000000084400000| PB 0x0000000084400000| Untracked 
|  69|0x0000000084500000, 0x0000000084500000, 0x0000000084600000|  0%| F|  |TAMS 0x0000000084500000| PB 0x0000000084500000| Untracked 
|  70|0x0000000084600000, 0x000000008462a318, 0x0000000084700000| 16%| S|CS|TAMS 0x0000000084600000| PB 0x0000000084600000| Complete 
|  71|0x0000000084700000, 0x0000000084800000, 0x0000000084800000|100%| S|CS|TAMS 0x0000000084700000| PB 0x0000000084700000| Complete 
|  72|0x0000000084800000, 0x0000000084800000, 0x0000000084900000|  0%| F|  |TAMS 0x0000000084800000| PB 0x0000000084800000| Untracked 
|  73|0x0000000084900000, 0x0000000084900000, 0x0000000084a00000|  0%| F|  |TAMS 0x0000000084900000| PB 0x0000000084900000| Untracked 
|  74|0x0000000084a00000, 0x0000000084a00000, 0x0000000084b00000|  0%| F|  |TAMS 0x0000000084a00000| PB 0x0000000084a00000| Untracked 
|  75|0x0000000084b00000, 0x0000000084b00000, 0x0000000084c00000|  0%| F|  |TAMS 0x0000000084b00000| PB 0x0000000084b00000| Untracked 
|  76|0x0000000084c00000, 0x0000000084c00000, 0x0000000084d00000|  0%| F|  |TAMS 0x0000000084c00000| PB 0x0000000084c00000| Untracked 
|  77|0x0000000084d00000, 0x0000000084d00000, 0x0000000084e00000|  0%| F|  |TAMS 0x0000000084d00000| PB 0x0000000084d00000| Untracked 
|  78|0x0000000084e00000, 0x0000000084e00000, 0x0000000084f00000|  0%| F|  |TAMS 0x0000000084e00000| PB 0x0000000084e00000| Untracked 
|  79|0x0000000084f00000, 0x0000000084f00000, 0x0000000085000000|  0%| F|  |TAMS 0x0000000084f00000| PB 0x0000000084f00000| Untracked 
|  80|0x0000000085000000, 0x0000000085000000, 0x0000000085100000|  0%| F|  |TAMS 0x0000000085000000| PB 0x0000000085000000| Untracked 
|  81|0x0000000085100000, 0x0000000085100000, 0x0000000085200000|  0%| F|  |TAMS 0x0000000085100000| PB 0x0000000085100000| Untracked 
|  82|0x0000000085200000, 0x0000000085200000, 0x0000000085300000|  0%| F|  |TAMS 0x0000000085200000| PB 0x0000000085200000| Untracked 
|  83|0x0000000085300000, 0x0000000085300000, 0x0000000085400000|  0%| F|  |TAMS 0x0000000085300000| PB 0x0000000085300000| Untracked 
|  84|0x0000000085400000, 0x0000000085400000, 0x0000000085500000|  0%| F|  |TAMS 0x0000000085400000| PB 0x0000000085400000| Untracked 
|  85|0x0000000085500000, 0x0000000085500000, 0x0000000085600000|  0%| F|  |TAMS 0x0000000085500000| PB 0x0000000085500000| Untracked 
|  86|0x0000000085600000, 0x0000000085600000, 0x0000000085700000|  0%| F|  |TAMS 0x0000000085600000| PB 0x0000000085600000| Untracked 
|  87|0x0000000085700000, 0x0000000085700000, 0x0000000085800000|  0%| F|  |TAMS 0x0000000085700000| PB 0x0000000085700000| Untracked 
|  88|0x0000000085800000, 0x0000000085800000, 0x0000000085900000|  0%| F|  |TAMS 0x0000000085800000| PB 0x0000000085800000| Untracked 
|  89|0x0000000085900000, 0x0000000085900000, 0x0000000085a00000|  0%| F|  |TAMS 0x0000000085900000| PB 0x0000000085900000| Untracked 
|  90|0x0000000085a00000, 0x0000000085a00000, 0x0000000085b00000|  0%| F|  |TAMS 0x0000000085a00000| PB 0x0000000085a00000| Untracked 
|  91|0x0000000085b00000, 0x0000000085b00000, 0x0000000085c00000|  0%| F|  |TAMS 0x0000000085b00000| PB 0x0000000085b00000| Untracked 
|  92|0x0000000085c00000, 0x0000000085c00000, 0x0000000085d00000|  0%| F|  |TAMS 0x0000000085c00000| PB 0x0000000085c00000| Untracked 
|  93|0x0000000085d00000, 0x0000000085d00000, 0x0000000085e00000|  0%| F|  |TAMS 0x0000000085d00000| PB 0x0000000085d00000| Untracked 
|  94|0x0000000085e00000, 0x0000000085f00000, 0x0000000085f00000|100%| E|  |TAMS 0x0000000085e00000| PB 0x0000000085e00000| Complete 
|  95|0x0000000085f00000, 0x0000000086000000, 0x0000000086000000|100%| E|CS|TAMS 0x0000000085f00000| PB 0x0000000085f00000| Complete 
|  96|0x0000000086000000, 0x0000000086100000, 0x0000000086100000|100%| E|CS|TAMS 0x0000000086000000| PB 0x0000000086000000| Complete 
|  97|0x0000000086100000, 0x0000000086200000, 0x0000000086200000|100%| E|CS|TAMS 0x0000000086100000| PB 0x0000000086100000| Complete 
|  98|0x0000000086200000, 0x0000000086300000, 0x0000000086300000|100%| E|CS|TAMS 0x0000000086200000| PB 0x0000000086200000| Complete 
|  99|0x0000000086300000, 0x0000000086400000, 0x0000000086400000|100%| E|CS|TAMS 0x0000000086300000| PB 0x0000000086300000| Complete 
| 100|0x0000000086400000, 0x0000000086500000, 0x0000000086500000|100%| E|CS|TAMS 0x0000000086400000| PB 0x0000000086400000| Complete 
| 101|0x0000000086500000, 0x0000000086600000, 0x0000000086600000|100%| E|CS|TAMS 0x0000000086500000| PB 0x0000000086500000| Complete 
| 102|0x0000000086600000, 0x0000000086700000, 0x0000000086700000|100%| E|CS|TAMS 0x0000000086600000| PB 0x0000000086600000| Complete 
| 103|0x0000000086700000, 0x0000000086800000, 0x0000000086800000|100%| E|CS|TAMS 0x0000000086700000| PB 0x0000000086700000| Complete 
| 105|0x0000000086900000, 0x0000000086a00000, 0x0000000086a00000|100%| E|CS|TAMS 0x0000000086900000| PB 0x0000000086900000| Complete 
| 106|0x0000000086a00000, 0x0000000086b00000, 0x0000000086b00000|100%| E|CS|TAMS 0x0000000086a00000| PB 0x0000000086a00000| Complete 
| 107|0x0000000086b00000, 0x0000000086c00000, 0x0000000086c00000|100%| E|CS|TAMS 0x0000000086b00000| PB 0x0000000086b00000| Complete 
| 125|0x0000000087d00000, 0x0000000087e00000, 0x0000000087e00000|100%| E|CS|TAMS 0x0000000087d00000| PB 0x0000000087d00000| Complete 
|2042|0x00000000ffa00000, 0x00000000ffb00000, 0x00000000ffb00000|100%| O|  |TAMS 0x00000000ffa00000| PB 0x00000000ffa00000| Untracked 
|2043|0x00000000ffb00000, 0x00000000ffc00000, 0x00000000ffc00000|100%| O|  |TAMS 0x00000000ffb00000| PB 0x00000000ffb00000| Untracked 
|2044|0x00000000ffc00000, 0x00000000ffd00000, 0x00000000ffd00000|100%| O|  |TAMS 0x00000000ffc00000| PB 0x00000000ffc00000| Untracked 
|2045|0x00000000ffd00000, 0x00000000ffe00000, 0x00000000ffe00000|100%| O|  |TAMS 0x00000000ffd00000| PB 0x00000000ffd00000| Untracked 
|2046|0x00000000ffe00000, 0x00000000fff00000, 0x00000000fff00000|100%| O|  |TAMS 0x00000000ffe00000| PB 0x00000000ffe00000| Untracked 
|2047|0x00000000fff00000, 0x0000000100000000, 0x0000000100000000|100%| O|  |TAMS 0x00000000fff00000| PB 0x00000000fff00000| Untracked 

Card table byte_map: [0x000001e735230000,0x000001e735630000] _byte_map_base: 0x000001e734e30000

Marking Bits: (CMBitMap*) 0x000001e722d32780
 Bits: [0x000001e735630000, 0x000001e737630000)

Polling page: 0x000001e720ae0000

Metaspace:

Usage:
  Non-class:     67.43 MB used.
      Class:     10.53 MB used.
       Both:     77.96 MB used.

Virtual space:
  Non-class space:      128.00 MB reserved,      68.31 MB ( 53%) committed,  2 nodes.
      Class space:        1.00 GB reserved,      11.38 MB (  1%) committed,  1 nodes.
             Both:        1.12 GB reserved,      79.69 MB (  7%) committed. 

Chunk freelists:
   Non-Class:  10.89 MB
       Class:  4.58 MB
        Both:  15.47 MB

MaxMetaspaceSize: unlimited
CompressedClassSpaceSize: 1.00 GB
Initial GC threshold: 21.00 MB
Current GC threshold: 131.06 MB
CDS: off
 - commit_granule_bytes: 65536.
 - commit_granule_words: 8192.
 - virtual_space_node_default_size: 8388608.
 - enlarge_chunks_in_place: 1.
 - use_allocation_guard: 0.


Internal statistics:

num_allocs_failed_limit: 6.
num_arena_births: 3410.
num_arena_deaths: 0.
num_vsnodes_births: 3.
num_vsnodes_deaths: 0.
num_space_committed: 1275.
num_space_uncommitted: 0.
num_chunks_returned_to_freelist: 6.
num_chunks_taken_from_freelist: 6734.
num_chunk_merges: 3.
num_chunk_splits: 4395.
num_chunks_enlarged: 2727.
num_inconsistent_stats: 0.

CodeHeap 'non-profiled nmethods': size=120000Kb used=4463Kb max_used=4480Kb free=115537Kb
 bounds [0x000001e72d900000, 0x000001e72dd70000, 0x000001e734e30000]
CodeHeap 'profiled nmethods': size=120000Kb used=14132Kb max_used=14207Kb free=105867Kb
 bounds [0x000001e725e30000, 0x000001e726c10000, 0x000001e72d360000]
CodeHeap 'non-nmethods': size=5760Kb used=2770Kb max_used=2810Kb free=2989Kb
 bounds [0x000001e72d360000, 0x000001e72d640000, 0x000001e72d900000]
 total_blobs=8669 nmethods=7758 adapters=815
 compilation: enabled
              stopped_count=0, restarted_count=0
 full_count=0

Compilation events (20 events):
Event: 34.837 Thread 0x000001e73e0ddd30 9111       3       org.gradle.internal.snapshot.impl.IsolatedArray::isolate (60 bytes)
Event: 34.838 Thread 0x000001e73e0ddd30 nmethod 9111 0x000001e726700110 code [0x000001e726700340, 0x000001e726700c28]
Event: 34.838 Thread 0x000001e73e0ddd30 9110       3       org.gradle.internal.snapshot.impl.IsolatedArray::isolate (5 bytes)
Event: 34.838 Thread 0x000001e73e0ddd30 nmethod 9110 0x000001e7266ed310 code [0x000001e7266ed4c0, 0x000001e7266ed618]
Event: 34.838 Thread 0x000001e73e0ddd30 9113       3       org.gradle.api.internal.provider.AbstractMinimalProvider::calculateValue (15 bytes)
Event: 34.838 Thread 0x000001e73e0ddd30 nmethod 9113 0x000001e7266f0a10 code [0x000001e7266f0be0, 0x000001e7266f0f38]
Event: 34.838 Thread 0x000001e73e0ddd30 9112       3       org.gradle.api.internal.provider.Providers::ofNullable (13 bytes)
Event: 34.838 Thread 0x000001e73e0ddd30 nmethod 9112 0x000001e726725610 code [0x000001e726725800, 0x000001e726725d78]
Event: 34.838 Thread 0x000001e73e0ddd30 9114       3       org.gradle.api.internal.provider.ManagedFactories$ProviderManagedFactory::fromState (21 bytes)
Event: 34.839 Thread 0x000001e73e0ddd30 nmethod 9114 0x000001e7266ff290 code [0x000001e7266ff4e0, 0x000001e7266ffdb0]
Event: 34.839 Thread 0x000001e73e0ddd30 9115       3       org.gradle.internal.snapshot.impl.AbstractValueProcessor::processArray (58 bytes)
Event: 34.839 Thread 0x000001e73e0ddd30 nmethod 9115 0x000001e7266fa990 code [0x000001e7266fabc0, 0x000001e7266fb1c8]
Event: 34.839 Thread 0x000001e73e0ddd30 9116       3       org.gradle.internal.serialization.Cached::of (9 bytes)
Event: 34.840 Thread 0x000001e73e0ddd30 nmethod 9116 0x000001e7266feb90 code [0x000001e7266fed40, 0x000001e7266ff000]
Event: 34.840 Thread 0x000001e73e0ddd30 9117       3       org.gradle.internal.serialization.Cached$Deferred::<init> (10 bytes)
Event: 34.840 Thread 0x000001e73e0ddd30 nmethod 9117 0x000001e726780090 code [0x000001e726780240, 0x000001e726780468]
Event: 34.840 Thread 0x000001e73e0ddd30 9118       3       org.gradle.internal.serialization.Cached::<init> (5 bytes)
Event: 34.840 Thread 0x000001e73e0ddd30 nmethod 9118 0x000001e726718010 code [0x000001e7267181c0, 0x000001e726718328]
Event: 34.840 Thread 0x000001e73e0ddd30 9119       3       org.gradle.internal.instantiation.generator.ManagedObjectFactory::cachedOwnerDisplayNameOf (10 bytes)
Event: 34.840 Thread 0x000001e73e0ddd30 nmethod 9119 0x000001e726709b10 code [0x000001e726709d40, 0x000001e72670a540]

GC Heap History (20 events):
Event: 28.753 GC heap before
{Heap before GC invocations=22 (full 0):
 garbage-first heap   total 71680K, used 63331K [0x0000000080000000, 0x0000000100000000)
  region size 1024K, 21 young (21504K), 2 survivors (2048K)
 Metaspace       used 69835K, committed 71616K, reserved 1114112K
  class space    used 9712K, committed 10560K, reserved 1048576K
}
Event: 28.759 GC heap after
{Heap after GC invocations=23 (full 0):
 garbage-first heap   total 71680K, used 45937K [0x0000000080000000, 0x0000000100000000)
  region size 1024K, 3 young (3072K), 3 survivors (3072K)
 Metaspace       used 69835K, committed 71616K, reserved 1114112K
  class space    used 9712K, committed 10560K, reserved 1048576K
}
Event: 29.586 GC heap before
{Heap before GC invocations=24 (full 0):
 garbage-first heap   total 78848K, used 62321K [0x0000000080000000, 0x0000000100000000)
  region size 1024K, 19 young (19456K), 3 survivors (3072K)
 Metaspace       used 71401K, committed 73088K, reserved 1114112K
  class space    used 9930K, committed 10752K, reserved 1048576K
}
Event: 29.593 GC heap after
{Heap after GC invocations=25 (full 0):
 garbage-first heap   total 78848K, used 47921K [0x0000000080000000, 0x0000000100000000)
  region size 1024K, 3 young (3072K), 3 survivors (3072K)
 Metaspace       used 71401K, committed 73088K, reserved 1114112K
  class space    used 9930K, committed 10752K, reserved 1048576K
}
Event: 30.193 GC heap before
{Heap before GC invocations=25 (full 0):
 garbage-first heap   total 78848K, used 69425K [0x0000000080000000, 0x0000000100000000)
  region size 1024K, 25 young (25600K), 3 survivors (3072K)
 Metaspace       used 71876K, committed 73536K, reserved 1114112K
  class space    used 9952K, committed 10752K, reserved 1048576K
}
Event: 30.203 GC heap after
{Heap after GC invocations=26 (full 0):
 garbage-first heap   total 78848K, used 50992K [0x0000000080000000, 0x0000000100000000)
  region size 1024K, 4 young (4096K), 4 survivors (4096K)
 Metaspace       used 71876K, committed 73536K, reserved 1114112K
  class space    used 9952K, committed 10752K, reserved 1048576K
}
Event: 30.511 GC heap before
{Heap before GC invocations=26 (full 0):
 garbage-first heap   total 78848K, used 69424K [0x0000000080000000, 0x0000000100000000)
  region size 1024K, 22 young (22528K), 4 survivors (4096K)
 Metaspace       used 72025K, committed 73728K, reserved 1114112K
  class space    used 9952K, committed 10752K, reserved 1048576K
}
Event: 30.520 GC heap after
{Heap after GC invocations=27 (full 0):
 garbage-first heap   total 78848K, used 52576K [0x0000000080000000, 0x0000000100000000)
  region size 1024K, 3 young (3072K), 3 survivors (3072K)
 Metaspace       used 72025K, committed 73728K, reserved 1114112K
  class space    used 9952K, committed 10752K, reserved 1048576K
}
Event: 30.962 GC heap before
{Heap before GC invocations=28 (full 0):
 garbage-first heap   total 89088K, used 69984K [0x0000000080000000, 0x0000000100000000)
  region size 1024K, 20 young (20480K), 3 survivors (3072K)
 Metaspace       used 72208K, committed 73920K, reserved 1114112K
  class space    used 9952K, committed 10752K, reserved 1048576K
}
Event: 30.967 GC heap after
{Heap after GC invocations=29 (full 0):
 garbage-first heap   total 89088K, used 53264K [0x0000000080000000, 0x0000000100000000)
  region size 1024K, 3 young (3072K), 3 survivors (3072K)
 Metaspace       used 72208K, committed 73920K, reserved 1114112K
  class space    used 9952K, committed 10752K, reserved 1048576K
}
Event: 31.380 GC heap before
{Heap before GC invocations=29 (full 0):
 garbage-first heap   total 89088K, used 77840K [0x0000000080000000, 0x0000000100000000)
  region size 1024K, 28 young (28672K), 3 survivors (3072K)
 Metaspace       used 72303K, committed 73984K, reserved 1114112K
  class space    used 9952K, committed 10752K, reserved 1048576K
}
Event: 31.388 GC heap after
{Heap after GC invocations=30 (full 0):
 garbage-first heap   total 89088K, used 52082K [0x0000000080000000, 0x0000000100000000)
  region size 1024K, 3 young (3072K), 3 survivors (3072K)
 Metaspace       used 72303K, committed 73984K, reserved 1114112K
  class space    used 9952K, committed 10752K, reserved 1048576K
}
Event: 31.781 GC heap before
{Heap before GC invocations=30 (full 0):
 garbage-first heap   total 89088K, used 78706K [0x0000000080000000, 0x0000000100000000)
  region size 1024K, 30 young (30720K), 3 survivors (3072K)
 Metaspace       used 72313K, committed 73984K, reserved 1114112K
  class space    used 9953K, committed 10752K, reserved 1048576K
}
Event: 31.787 GC heap after
{Heap after GC invocations=31 (full 0):
 garbage-first heap   total 107520K, used 52797K [0x0000000080000000, 0x0000000100000000)
  region size 1024K, 3 young (3072K), 3 survivors (3072K)
 Metaspace       used 72313K, committed 73984K, reserved 1114112K
  class space    used 9953K, committed 10752K, reserved 1048576K
}
Event: 32.503 GC heap before
{Heap before GC invocations=32 (full 0):
 garbage-first heap   total 107520K, used 94781K [0x0000000080000000, 0x0000000100000000)
  region size 1024K, 45 young (46080K), 3 survivors (3072K)
 Metaspace       used 72577K, committed 74368K, reserved 1114112K
  class space    used 9987K, committed 10880K, reserved 1048576K
}
Event: 32.510 GC heap after
{Heap after GC invocations=33 (full 0):
 garbage-first heap   total 107520K, used 55150K [0x0000000080000000, 0x0000000100000000)
  region size 1024K, 6 young (6144K), 6 survivors (6144K)
 Metaspace       used 72577K, committed 74368K, reserved 1114112K
  class space    used 9987K, committed 10880K, reserved 1048576K
}
Event: 33.568 GC heap before
{Heap before GC invocations=33 (full 0):
 garbage-first heap   total 107520K, used 100206K [0x0000000080000000, 0x0000000100000000)
  region size 1024K, 44 young (45056K), 6 survivors (6144K)
 Metaspace       used 74716K, committed 76544K, reserved 1114112K
  class space    used 10240K, committed 11136K, reserved 1048576K
}
Event: 33.579 GC heap after
{Heap after GC invocations=34 (full 0):
 garbage-first heap   total 115712K, used 66871K [0x0000000080000000, 0x0000000100000000)
  region size 1024K, 6 young (6144K), 6 survivors (6144K)
 Metaspace       used 74716K, committed 76544K, reserved 1114112K
  class space    used 10240K, committed 11136K, reserved 1048576K
}
Event: 34.411 GC heap before
{Heap before GC invocations=34 (full 0):
 garbage-first heap   total 115712K, used 100663K [0x0000000080000000, 0x0000000100000000)
  region size 1024K, 39 young (39936K), 6 survivors (6144K)
 Metaspace       used 78341K, committed 80128K, reserved 1179648K
  class space    used 10648K, committed 11520K, reserved 1048576K
}
Event: 34.417 GC heap after
{Heap after GC invocations=35 (full 0):
 garbage-first heap   total 115712K, used 68083K [0x0000000080000000, 0x0000000100000000)
  region size 1024K, 2 young (2048K), 2 survivors (2048K)
 Metaspace       used 78341K, committed 80128K, reserved 1179648K
  class space    used 10648K, committed 11520K, reserved 1048576K
}

Dll operation events (3 events):
Event: 0.035 Loaded shared library D:\New folder\jbr\bin\java.dll
Event: 0.046 Loaded shared library D:\New folder\jbr\bin\zip.dll
Event: 2.780 Loaded shared library D:\New folder\jbr\bin\verify.dll

Deoptimization events (20 events):
Event: 34.334 Thread 0x000001e73fb72120 Uncommon trap: trap_request=0xffffffc6 fr.pc=0x000001e72dcebb3c relative=0x0000000000000bbc
Event: 34.334 Thread 0x000001e73fb72120 Uncommon trap: reason=bimorphic_or_optimized_type_check action=maybe_recompile pc=0x000001e72dcebb3c method=sun.security.provider.DigestBase.engineDigest([BII)I @ 97 c2
Event: 34.334 Thread 0x000001e73fb72120 DEOPT PACKING pc=0x000001e72dcebb3c sp=0x0000003b691f6b80
Event: 34.334 Thread 0x000001e73fb72120 DEOPT UNPACKING pc=0x000001e72d3b46a2 sp=0x0000003b691f6b50 mode 2
Event: 34.334 Thread 0x000001e73fb72120 Uncommon trap: trap_request=0xffffffc6 fr.pc=0x000001e72dcebb3c relative=0x0000000000000bbc
Event: 34.334 Thread 0x000001e73fb72120 Uncommon trap: reason=bimorphic_or_optimized_type_check action=maybe_recompile pc=0x000001e72dcebb3c method=sun.security.provider.DigestBase.engineDigest([BII)I @ 97 c2
Event: 34.334 Thread 0x000001e73fb72120 DEOPT PACKING pc=0x000001e72dcebb3c sp=0x0000003b691f6c10
Event: 34.334 Thread 0x000001e73fb72120 DEOPT UNPACKING pc=0x000001e72d3b46a2 sp=0x0000003b691f6be0 mode 2
Event: 34.419 Thread 0x000001e73e023dd0 Uncommon trap: trap_request=0xffffffc6 fr.pc=0x000001e72db45ce4 relative=0x0000000000000664
Event: 34.419 Thread 0x000001e73e023dd0 Uncommon trap: reason=bimorphic_or_optimized_type_check action=maybe_recompile pc=0x000001e72db45ce4 method=jdk.internal.ref.PhantomCleanable.clean()V @ 12 c2
Event: 34.419 Thread 0x000001e73e023dd0 DEOPT PACKING pc=0x000001e72db45ce4 sp=0x0000003b67eff020
Event: 34.419 Thread 0x000001e73e023dd0 DEOPT UNPACKING pc=0x000001e72d3b46a2 sp=0x0000003b67eff000 mode 2
Event: 34.696 Thread 0x000001e73fb72120 Uncommon trap: trap_request=0xffffffc6 fr.pc=0x000001e72dcd23c8 relative=0x0000000000000068
Event: 34.696 Thread 0x000001e73fb72120 Uncommon trap: reason=bimorphic_or_optimized_type_check action=maybe_recompile pc=0x000001e72dcd23c8 method=java.util.AbstractQueue.add(Ljava/lang/Object;)Z @ 2 c2
Event: 34.696 Thread 0x000001e73fb72120 DEOPT PACKING pc=0x000001e72dcd23c8 sp=0x0000003b691f72f0
Event: 34.696 Thread 0x000001e73fb72120 DEOPT UNPACKING pc=0x000001e72d3b46a2 sp=0x0000003b691f72b8 mode 2
Event: 34.696 Thread 0x000001e73fb72120 Uncommon trap: trap_request=0xffffffc6 fr.pc=0x000001e72dcd23c8 relative=0x0000000000000068
Event: 34.696 Thread 0x000001e73fb72120 Uncommon trap: reason=bimorphic_or_optimized_type_check action=maybe_recompile pc=0x000001e72dcd23c8 method=java.util.AbstractQueue.add(Ljava/lang/Object;)Z @ 2 c2
Event: 34.696 Thread 0x000001e73fb72120 DEOPT PACKING pc=0x000001e72dcd23c8 sp=0x0000003b691f72f0
Event: 34.696 Thread 0x000001e73fb72120 DEOPT UNPACKING pc=0x000001e72d3b46a2 sp=0x0000003b691f72b8 mode 2

Classes loaded (20 events):
Event: 34.342 Loading class java/time/format/DateTimeFormatterBuilder$ZoneIdPrinterParser
Event: 34.343 Loading class java/time/format/DateTimeFormatterBuilder$ZoneIdPrinterParser done
Event: 34.343 Loading class java/time/format/DateTimeFormatterBuilder$StringLiteralPrinterParser
Event: 34.343 Loading class java/time/format/DateTimeFormatterBuilder$StringLiteralPrinterParser done
Event: 34.343 Loading class java/time/format/DateTimeFormatterBuilder$InstantPrinterParser
Event: 34.343 Loading class java/time/format/DateTimeFormatterBuilder$InstantPrinterParser done
Event: 34.345 Loading class java/time/format/DateTimeTextProvider$LocaleStore
Event: 34.346 Loading class java/time/format/DateTimeTextProvider$LocaleStore done
Event: 34.346 Loading class java/time/format/DateTimeTextProvider
Event: 34.347 Loading class java/time/format/DateTimeTextProvider done
Event: 34.347 Loading class java/time/format/DateTimeTextProvider$1
Event: 34.350 Loading class java/time/format/DateTimeTextProvider$1 done
Event: 34.350 Loading class java/time/format/DateTimeFormatterBuilder$1
Event: 34.351 Loading class java/time/format/DateTimeFormatterBuilder$1 done
Event: 34.351 Loading class java/time/format/DateTimeFormatterBuilder$TextPrinterParser
Event: 34.351 Loading class java/time/format/DateTimeFormatterBuilder$TextPrinterParser done
Event: 34.353 Loading class java/util/concurrent/Executors$DefaultThreadFactory
Event: 34.354 Loading class java/util/concurrent/Executors$DefaultThreadFactory done
Event: 34.916 Loading class java/nio/charset/UnsupportedCharsetException
Event: 34.916 Loading class java/nio/charset/UnsupportedCharsetException done

Classes unloaded (0 events):
No events

Classes redefined (0 events):
No events

Internal exceptions (20 events):
Event: 32.485 Thread 0x000001e73fb72120 Exception <a 'java/lang/ClassNotFoundException'{0x0000000083f012a0}: java/util/AbstractCollectionCustomizer> (0x0000000083f012a0) 
thrown [s\src\hotspot\share\classfile\systemDictionary.cpp, line 312]
Event: 32.487 Thread 0x000001e73fb72120 Exception <a 'java/lang/ClassNotFoundException'{0x0000000083f1c720}: org/gradle/api/internal/DefaultDomainObjectCollectionCustomizer> (0x0000000083f1c720) 
thrown [s\src\hotspot\share\classfile\systemDictionary.cpp, line 312]
Event: 32.492 Thread 0x000001e73fb72120 Exception <a 'java/lang/ClassNotFoundException'{0x0000000083f4efe8}: org/gradle/api/internal/DefaultNamedDomainObjectCollectionCustomizer> (0x0000000083f4efe8) 
thrown [s\src\hotspot\share\classfile\systemDictionary.cpp, line 312]
Event: 32.495 Thread 0x000001e73fb72120 Exception <a 'java/lang/ClassNotFoundException'{0x0000000083f904b8}: org/gradle/api/internal/DefaultNamedDomainObjectSetCustomizer> (0x0000000083f904b8) 
thrown [s\src\hotspot\share\classfile\systemDictionary.cpp, line 312]
Event: 32.497 Thread 0x000001e73fb72120 Exception <a 'java/lang/ClassNotFoundException'{0x0000000083fcaa70}: org/gradle/api/internal/tasks/DefaultTaskCollectionCustomizer> (0x0000000083fcaa70) 
thrown [s\src\hotspot\share\classfile\systemDictionary.cpp, line 312]
Event: 32.513 Thread 0x000001e73fb72120 Exception <a 'java/lang/ClassNotFoundException'{0x0000000087d329c0}: org/gradle/api/internal/tasks/DefaultTaskCollection_DecoratedCustomizer> (0x0000000087d329c0) 
thrown [s\src\hotspot\share\classfile\systemDictionary.cpp, line 312]
Event: 32.527 Thread 0x000001e73fb72120 Exception <a 'java/lang/NoSuchMethodError'{0x0000000087d9bfa8}: 'long java.lang.invoke.DirectMethodHandle$Holder.invokeVirtual(java.lang.Object, java.lang.Object)'> (0x0000000087d9bfa8) 
thrown [s\src\hotspot\share\interpreter\linkResolver.cpp, line 784]
Event: 32.534 Thread 0x000001e73f913050 Exception <a 'java/lang/NoSuchMethodError'{0x0000000087df1378}: static Lorg/gradle/internal/build/event/types/DefaultOperationFinishedProgressEvent;.<clinit>()V> (0x0000000087df1378) 
thrown [s\src\hotspot\share\prims\jni.cpp, line 1144]
Event: 32.538 Thread 0x000001e73f913050 Exception <a 'java/lang/NoSuchMethodError'{0x0000000086b1cc80}: static Lorg/gradle/internal/build/event/types/DefaultProjectConfigurationSuccessResult;.<clinit>()V> (0x0000000086b1cc80) 
thrown [s\src\hotspot\share\prims\jni.cpp, line 1144]
Event: 32.539 Thread 0x000001e73f913050 Exception <a 'java/lang/NoSuchMethodError'{0x0000000086b1e298}: static Lorg/gradle/internal/build/event/types/AbstractProjectConfigurationResult;.<clinit>()V> (0x0000000086b1e298) 
thrown [s\src\hotspot\share\prims\jni.cpp, line 1144]
Event: 32.539 Thread 0x000001e73f913050 Exception <a 'java/lang/NoSuchMethodError'{0x0000000086b1fa58}: static Lorg/gradle/internal/build/event/types/AbstractOperationResult;.<clinit>()V> (0x0000000086b1fa58) 
thrown [s\src\hotspot\share\prims\jni.cpp, line 1144]
Event: 32.539 Thread 0x000001e73f913050 Exception <a 'java/lang/NoSuchMethodError'{0x0000000086b21000}: static Lorg/gradle/internal/build/event/types/AbstractResult;.<clinit>()V> (0x0000000086b21000) 
thrown [s\src\hotspot\share\prims\jni.cpp, line 1144]
Event: 32.542 Thread 0x000001e73f913050 Exception <a 'java/lang/NoSuchMethodError'{0x0000000086b3ae10}: static Lorg/gradle/internal/build/event/types/DefaultPluginApplicationResult;.<clinit>()V> (0x0000000086b3ae10) 
thrown [s\src\hotspot\share\prims\jni.cpp, line 1144]
Event: 32.545 Thread 0x000001e73f913050 Exception <a 'java/lang/NoSuchMethodError'{0x0000000086b47c90}: static Lorg/gradle/internal/build/event/types/DefaultBinaryPluginIdentifier;.<clinit>()V> (0x0000000086b47c90) 
thrown [s\src\hotspot\share\prims\jni.cpp, line 1144]
Event: 32.551 Thread 0x000001e73f913050 Exception <a 'java/lang/NoSuchMethodError'{0x0000000086b62a58}: static Lorg/gradle/internal/build/event/types/DefaultScriptPluginIdentifier;.<clinit>()V> (0x0000000086b62a58) 
thrown [s\src\hotspot\share\prims\jni.cpp, line 1144]
Event: 32.653 Thread 0x000001e73fb72120 Implicit null exception at 0x000001e72dc7e160 to 0x000001e72dc7e604
Event: 32.653 Thread 0x000001e73fb72120 Implicit null exception at 0x000001e72dc7ede0 to 0x000001e72dc7f260
Event: 32.945 Thread 0x000001e73fb72120 Exception <a 'java/lang/ClassNotFoundException'{0x0000000085cf80b8}: org/gradle/api/internal/plugins/DefaultObjectConfigurationActionBeanInfo> (0x0000000085cf80b8) 
thrown [s\src\hotspot\share\classfile\systemDictionary.cpp, line 312]
Event: 32.948 Thread 0x000001e73fb72120 Exception <a 'java/lang/ClassNotFoundException'{0x0000000085b197e8}: org/gradle/api/internal/plugins/DefaultObjectConfigurationActionCustomizer> (0x0000000085b197e8) 
thrown [s\src\hotspot\share\classfile\systemDictionary.cpp, line 312]
Event: 33.972 Thread 0x000001e73fb72120 Exception <a 'java/lang/NoSuchMethodError'{0x0000000085a328c0}: 'int java.lang.invoke.DirectMethodHandle$Holder.invokeSpecialIFC(java.lang.Object, java.lang.Object, java.lang.Object, java.lang.Object, java.lang.Object)'> (0x0000000085a328c0) 
thrown [s\src\hotspot\share\interpreter\linkResolver.cpp, line 784]

ZGC Phase Switch (0 events):
No events

VM Operations (20 events):
Event: 31.781 Executing VM operation: G1CollectForAllocation (G1 Evacuation Pause)
Event: 31.787 Executing VM operation: G1CollectForAllocation (G1 Evacuation Pause) done
Event: 31.907 Executing VM operation: G1PauseRemark
Event: 31.912 Executing VM operation: G1PauseRemark done
Event: 31.957 Executing VM operation: G1PauseCleanup
Event: 31.958 Executing VM operation: G1PauseCleanup done
Event: 32.503 Executing VM operation: G1CollectForAllocation (G1 Evacuation Pause)
Event: 32.510 Executing VM operation: G1CollectForAllocation (G1 Evacuation Pause) done
Event: 32.763 Executing VM operation: HandshakeAllThreads (Deoptimize)
Event: 32.763 Executing VM operation: HandshakeAllThreads (Deoptimize) done
Event: 33.567 Executing VM operation: G1CollectForAllocation (G1 Evacuation Pause)
Event: 33.579 Executing VM operation: G1CollectForAllocation (G1 Evacuation Pause) done
Event: 34.411 Executing VM operation: G1CollectForAllocation (G1 Evacuation Pause)
Event: 34.418 Executing VM operation: G1CollectForAllocation (G1 Evacuation Pause) done
Event: 34.494 Executing VM operation: HandshakeAllThreads (Deoptimize)
Event: 34.494 Executing VM operation: HandshakeAllThreads (Deoptimize) done
Event: 34.553 Executing VM operation: G1PauseRemark
Event: 34.661 Executing VM operation: G1PauseRemark done
Event: 34.713 Executing VM operation: G1PauseCleanup
Event: 34.713 Executing VM operation: G1PauseCleanup done

Memory protections (0 events):
No events

Nmethod flushes (20 events):
Event: 34.558 Thread 0x000001e739b58fa0 flushing  nmethod 0x000001e726052710
Event: 34.558 Thread 0x000001e739b58fa0 flushing  nmethod 0x000001e726059010
Event: 34.558 Thread 0x000001e739b58fa0 flushing  nmethod 0x000001e726127310
Event: 34.558 Thread 0x000001e739b58fa0 flushing  nmethod 0x000001e72612c090
Event: 34.558 Thread 0x000001e739b58fa0 flushing  nmethod 0x000001e72620d610
Event: 34.558 Thread 0x000001e739b58fa0 flushing  nmethod 0x000001e726213290
Event: 34.558 Thread 0x000001e739b58fa0 flushing  nmethod 0x000001e726216090
Event: 34.558 Thread 0x000001e739b58fa0 flushing  nmethod 0x000001e7263c9590
Event: 34.558 Thread 0x000001e739b58fa0 flushing  nmethod 0x000001e7264ff210
Event: 34.558 Thread 0x000001e739b58fa0 flushing  nmethod 0x000001e726500890
Event: 34.558 Thread 0x000001e739b58fa0 flushing  nmethod 0x000001e726500d10
Event: 34.558 Thread 0x000001e739b58fa0 flushing  nmethod 0x000001e726501e10
Event: 34.558 Thread 0x000001e739b58fa0 flushing  nmethod 0x000001e7266b6c90
Event: 34.558 Thread 0x000001e739b58fa0 flushing  nmethod 0x000001e7266bb690
Event: 34.558 Thread 0x000001e739b58fa0 flushing  nmethod 0x000001e7266c7090
Event: 34.558 Thread 0x000001e739b58fa0 flushing  nmethod 0x000001e7266f2d90
Event: 34.558 Thread 0x000001e739b58fa0 flushing  nmethod 0x000001e7266f5810
Event: 34.558 Thread 0x000001e739b58fa0 flushing  nmethod 0x000001e7266f7310
Event: 34.558 Thread 0x000001e739b58fa0 flushing  nmethod 0x000001e72674f690
Event: 34.558 Thread 0x000001e739b58fa0 flushing  nmethod 0x000001e726775590

Events (20 events):
Event: 23.140 Thread 0x000001e73fb72120 Thread added: 0x000001e7438ddb00
Event: 23.361 Thread 0x000001e73fb72120 Thread added: 0x000001e7438de190
Event: 23.362 Thread 0x000001e73fb72120 Thread added: 0x000001e7438deeb0
Event: 23.363 Thread 0x000001e73fb72120 Thread added: 0x000001e7438df540
Event: 23.984 Thread 0x000001e73e0ddd30 Thread added: 0x000001e740a8c730
Event: 25.352 Thread 0x000001e740a8c730 Thread exited: 0x000001e740a8c730
Event: 27.596 Thread 0x000001e73e0ddd30 Thread added: 0x000001e7422c1020
Event: 29.186 Thread 0x000001e7422c1020 Thread exited: 0x000001e7422c1020
Event: 29.699 Thread 0x000001e73e0ddd30 Thread added: 0x000001e73e577df0
Event: 29.797 Thread 0x000001e73fb72120 Thread added: 0x000001e7438dcde0
Event: 29.798 Thread 0x000001e73fb72120 Thread added: 0x000001e7438e36e0
Event: 29.798 Thread 0x000001e73fb72120 Thread added: 0x000001e7438e2330
Event: 29.930 Thread 0x000001e73fb72120 Thread added: 0x000001e7438e08f0
Event: 29.932 Thread 0x000001e73fb72120 Thread added: 0x000001e7438e1610
Event: 29.934 Thread 0x000001e73fb72120 Thread added: 0x000001e7438e0f80
Event: 30.579 Thread 0x000001e73fb72120 Thread added: 0x000001e7438e29c0
Event: 30.580 Thread 0x000001e73fb72120 Thread added: 0x000001e7438e1ca0
Event: 30.581 Thread 0x000001e73fb72120 Thread added: 0x000001e7438e3050
Event: 33.523 Thread 0x000001e73e577df0 Thread exited: 0x000001e73e577df0
Event: 34.497 Thread 0x000001e73fb72120 Thread added: 0x000001e742f98f80


Dynamic libraries:
0x00007ff706650000 - 0x00007ff70665a000 	D:\New folder\jbr\bin\java.exe
0x00007ff904100000 - 0x00007ff904367000 	C:\WINDOWS\SYSTEM32\ntdll.dll
0x00007ff9027a0000 - 0x00007ff902869000 	C:\WINDOWS\System32\KERNEL32.DLL
0x00007ff901250000 - 0x00007ff90163f000 	C:\WINDOWS\System32\KERNELBASE.dll
0x00007ff901910000 - 0x00007ff901a5b000 	C:\WINDOWS\System32\ucrtbase.dll
0x00007ff8cdd30000 - 0x00007ff8cdd48000 	D:\New folder\jbr\bin\jli.dll
0x00007ff903c10000 - 0x00007ff903dd5000 	C:\WINDOWS\System32\USER32.dll
0x00007ff901a60000 - 0x00007ff901a87000 	C:\WINDOWS\System32\win32u.dll
0x00007ff902b90000 - 0x00007ff902bbb000 	C:\WINDOWS\System32\GDI32.dll
0x00007ff901b50000 - 0x00007ff901c7c000 	C:\WINDOWS\System32\gdi32full.dll
0x00007ff901650000 - 0x00007ff9016f3000 	C:\WINDOWS\System32\msvcp_win.dll
0x00007ff8fc340000 - 0x00007ff8fc35b000 	D:\New folder\jbr\bin\VCRUNTIME140.dll
0x00007ff8e8130000 - 0x00007ff8e83c3000 	C:\WINDOWS\WinSxS\amd64_microsoft.windows.common-controls_6595b64144ccf1df_6.0.26100.7309_none_3e05feeae336a044\COMCTL32.dll
0x00007ff9037a0000 - 0x00007ff903849000 	C:\WINDOWS\System32\msvcrt.dll
0x00007ff903850000 - 0x00007ff903881000 	C:\WINDOWS\System32\IMM32.DLL
0x00007ff8fc390000 - 0x00007ff8fc39c000 	D:\New folder\jbr\bin\vcruntime140_1.dll
0x00007ff882710000 - 0x00007ff88279d000 	D:\New folder\jbr\bin\msvcp140.dll
0x00007ff861010000 - 0x00007ff861c9e000 	D:\New folder\jbr\bin\server\jvm.dll
0x00007ff903890000 - 0x00007ff903944000 	C:\WINDOWS\System32\ADVAPI32.dll
0x00007ff903ab0000 - 0x00007ff903b56000 	C:\WINDOWS\System32\sechost.dll
0x00007ff903580000 - 0x00007ff903698000 	C:\WINDOWS\System32\RPCRT4.dll
0x00007ff902a80000 - 0x00007ff902af4000 	C:\WINDOWS\System32\WS2_32.dll
0x00007ff9010d0000 - 0x00007ff90112e000 	C:\WINDOWS\SYSTEM32\POWRPROF.dll
0x00007ff8f4cd0000 - 0x00007ff8f4d05000 	C:\WINDOWS\SYSTEM32\WINMM.dll
0x00007ff8f94c0000 - 0x00007ff8f94cb000 	C:\WINDOWS\SYSTEM32\VERSION.dll
0x00007ff901090000 - 0x00007ff9010a4000 	C:\WINDOWS\SYSTEM32\UMPDC.dll
0x00007ff8fffe0000 - 0x00007ff8ffffb000 	C:\WINDOWS\SYSTEM32\kernel.appcore.dll
0x00007ff8f9020000 - 0x00007ff8f902a000 	D:\New folder\jbr\bin\jimage.dll
0x00007ff8f5370000 - 0x00007ff8f55b2000 	C:\WINDOWS\SYSTEM32\DBGHELP.DLL
0x00007ff902400000 - 0x00007ff902785000 	C:\WINDOWS\System32\combase.dll
0x00007ff902bc0000 - 0x00007ff902c96000 	C:\WINDOWS\System32\OLEAUT32.dll
0x00007ff8e2700000 - 0x00007ff8e273c000 	C:\WINDOWS\SYSTEM32\dbgcore.DLL
0x00007ff901df0000 - 0x00007ff901e95000 	C:\WINDOWS\System32\bcryptPrimitives.dll
0x00007ff8fc300000 - 0x00007ff8fc30e000 	D:\New folder\jbr\bin\instrument.dll
0x00007ff8ee340000 - 0x00007ff8ee360000 	D:\New folder\jbr\bin\java.dll
0x00007ff8e4ff0000 - 0x00007ff8e5008000 	D:\New folder\jbr\bin\zip.dll
0x00007ff902e20000 - 0x00007ff903573000 	C:\WINDOWS\System32\SHELL32.dll
0x00007ff901c80000 - 0x00007ff901dea000 	C:\WINDOWS\System32\wintypes.dll
0x00007ff8fee30000 - 0x00007ff8ff68e000 	C:\WINDOWS\SYSTEM32\windows.storage.dll
0x00007ff9036a0000 - 0x00007ff903795000 	C:\WINDOWS\System32\SHCORE.dll
0x00007ff902870000 - 0x00007ff9028d6000 	C:\WINDOWS\System32\shlwapi.dll
0x00007ff901170000 - 0x00007ff901199000 	C:\WINDOWS\SYSTEM32\profapi.dll
0x00007ff8f2ba0000 - 0x00007ff8f2bb0000 	D:\New folder\jbr\bin\net.dll
0x00007ff8f9220000 - 0x00007ff8f9348000 	C:\WINDOWS\SYSTEM32\WINHTTP.dll
0x00007ff900570000 - 0x00007ff9005db000 	C:\WINDOWS\system32\mswsock.dll
0x00007ff8e4da0000 - 0x00007ff8e4db6000 	D:\New folder\jbr\bin\nio.dll
0x00007ff8e7a20000 - 0x00007ff8e7a30000 	D:\New folder\jbr\bin\verify.dll
0x00007ff8b2b70000 - 0x00007ff8b2b97000 	C:\Users\Shath\.gradle\native\1def1411415f61bf3af743bc5b6707747c0891f09f0c88961ee8f79bc544acac\windows-amd64\native-platform.dll
0x00007ff885730000 - 0x00007ff8857a8000 	C:\Users\Shath\.gradle\native\0.2.7\x86_64-windows-gnu\gradle-fileevents.dll
0x00007ff8f2aa0000 - 0x00007ff8f2aa9000 	D:\New folder\jbr\bin\management.dll
0x00007ff8ee5b0000 - 0x00007ff8ee5bb000 	D:\New folder\jbr\bin\management_ext.dll
0x00007ff902790000 - 0x00007ff902798000 	C:\WINDOWS\System32\PSAPI.DLL
0x00007ff8ffa70000 - 0x00007ff8ffaa4000 	C:\WINDOWS\SYSTEM32\IPHLPAPI.DLL
0x00007ff9023f0000 - 0x00007ff9023fa000 	C:\WINDOWS\System32\NSI.dll
0x00007ff8f2ac0000 - 0x00007ff8f2ac9000 	D:\New folder\jbr\bin\extnet.dll
0x00007ff900840000 - 0x00007ff90085b000 	C:\WINDOWS\SYSTEM32\CRYPTSP.dll
0x00007ff8fff40000 - 0x00007ff8fff7a000 	C:\WINDOWS\system32\rsaenh.dll
0x00007ff900620000 - 0x00007ff90064b000 	C:\WINDOWS\SYSTEM32\USERENV.dll
0x00007ff901140000 - 0x00007ff90116a000 	C:\WINDOWS\SYSTEM32\bcrypt.dll
0x00007ff900830000 - 0x00007ff90083c000 	C:\WINDOWS\SYSTEM32\CRYPTBASE.dll
0x00007ff8d1c50000 - 0x00007ff8d1c58000 	C:\WINDOWS\system32\wshunix.dll

dbghelp: loaded successfully - version: 4.0.5 - missing functions: none
symbol engine: initialized successfully - sym options: 0x614 - pdb path: .;D:\New folder\jbr\bin;C:\WINDOWS\SYSTEM32;C:\WINDOWS\WinSxS\amd64_microsoft.windows.common-controls_6595b64144ccf1df_6.0.26100.7309_none_3e05feeae336a044;D:\New folder\jbr\bin\server;C:\Users\Shath\.gradle\native\1def1411415f61bf3af743bc5b6707747c0891f09f0c88961ee8f79bc544acac\windows-amd64;C:\Users\Shath\.gradle\native\0.2.7\x86_64-windows-gnu

VM Arguments:
jvm_args: --add-opens=java.base/java.lang=ALL-UNNAMED --add-opens=java.base/java.lang.invoke=ALL-UNNAMED --add-opens=java.base/java.util=ALL-UNNAMED --add-opens=java.prefs/java.util.prefs=ALL-UNNAMED --add-exports=jdk.compiler/com.sun.tools.javac.api=ALL-UNNAMED --add-exports=jdk.compiler/com.sun.tools.javac.util=ALL-UNNAMED --add-opens=java.base/java.util=ALL-UNNAMED --add-opens=java.prefs/java.util.prefs=ALL-UNNAMED --add-opens=java.base/java.nio.charset=ALL-UNNAMED --add-opens=java.base/java.net=ALL-UNNAMED --add-opens=java.base/java.util.concurrent.atomic=ALL-UNNAMED --add-opens=java.xml/javax.xml.namespace=ALL-UNNAMED -Xmx2048m -Dfile.encoding=UTF-8 -Duser.country=US -Duser.language=en -Duser.variant -javaagent:C:\Users\Shath\.gradle\wrapper\dists\gradle-8.13-bin\5xuhj0ry160q40clulazy9h7d\gradle-8.13\lib\agents\gradle-instrumentation-agent-8.13.jar 
java_command: org.gradle.launcher.daemon.bootstrap.GradleDaemon 8.13
java_class_path (initial): C:\Users\Shath\.gradle\wrapper\dists\gradle-8.13-bin\5xuhj0ry160q40clulazy9h7d\gradle-8.13\lib\gradle-daemon-main-8.13.jar
Launcher Type: SUN_STANDARD

[Global flags]
     intx CICompilerCount                          = 3                                         {product} {ergonomic}
     uint ConcGCThreads                            = 1                                         {product} {ergonomic}
     uint G1ConcRefinementThreads                  = 4                                         {product} {ergonomic}
   size_t G1HeapRegionSize                         = 1048576                                   {product} {ergonomic}
    uintx GCDrainStackTargetSize                   = 64                                        {product} {ergonomic}
   size_t InitialHeapSize                          = 132120576                                 {product} {ergonomic}
   size_t MarkStackSize                            = 4194304                                   {product} {ergonomic}
   size_t MaxHeapSize                              = 2147483648                                {product} {command line}
   size_t MaxNewSize                               = 1287651328                                {product} {ergonomic}
   size_t MinHeapDeltaBytes                        = 1048576                                   {product} {ergonomic}
   size_t MinHeapSize                              = 8388608                                   {product} {ergonomic}
    uintx NonNMethodCodeHeapSize                   = 5832780                                {pd product} {ergonomic}
    uintx NonProfiledCodeHeapSize                  = 122912730                              {pd product} {ergonomic}
    uintx ProfiledCodeHeapSize                     = 122912730                              {pd product} {ergonomic}
    uintx ReservedCodeCacheSize                    = 251658240                              {pd product} {ergonomic}
     bool SegmentedCodeCache                       = true                                      {product} {ergonomic}
   size_t SoftMaxHeapSize                          = 2147483648                             {manageable} {ergonomic}
     bool UseCompressedOops                        = true                           {product lp64_product} {ergonomic}
     bool UseG1GC                                  = true                                      {product} {ergonomic}
     bool UseLargePagesIndividualAllocation        = false                                  {pd product} {ergonomic}

Logging:
Log output configuration:
 #0: stdout all=warning uptime,level,tags foldmultilines=false
 #1: stderr all=off uptime,level,tags foldmultilines=false

Environment Variables:
PATH=C:\Windows\System32\HWAudioDriverLibs;C:\WINDOWS\system32;C:\WINDOWS;C:\WINDOWS\System32\Wbem;C:\WINDOWS\System32\WindowsPowerShell\v1.0\;C:\WINDOWS\System32\OpenSSH\;C:\WINDOWS\system32\config\systemprofile\AppData\Local\Microsoft\WindowsApps;C:\Users\Shath\Desktop\bin;C:\Users\Shath\Desktop\bin\win32;C:\WINDOWS\system32;C:\WINDOWS;C:\WINDOWS\System32\Wbem;C:\WINDOWS\System32\WindowsPowerShell\v1.0\;C:\WINDOWS\System32\OpenSSH\;C:\Program Files\dotnet\;C:\xampp\php;C:\Program Files\Git\cmd;C:\Program Files\Common Files\Oracle\Java\javapath;C:\Windows\System32\HWAudioDriverLibs;C:\WINDOWS\system32;C:\WINDOWS;C:\WINDOWS\System32\Wbem;C:\WINDOWS\System32\WindowsPowerShell\v1.0\;C:\WINDOWS\System32\OpenSSH\;C:\WINDOWS\system32\config\systemprofile\AppData\Local\Microsoft\WindowsApps;C:\Users\Shath\Desktop\bin;C:\Users\Shath\Desktop\bin\win32;C:\Program Files\Git\cmd;C:\Users\Shath\AppData\Local\Microsoft\WindowsApps;C:\Program Files\Java\jdk-17\bin;C:\Users\Shath\AppData\Local\Microsoft\WindowsApps;D:\PyCharm 2024.3.4\bin;;C:\ProgramData\DEEMA\GitHubDesktop\bin
USERNAME=DEEMA
OS=Windows_NT
PROCESSOR_IDENTIFIER=Intel64 Family 6 Model 142 Stepping 12, GenuineIntel
TMP=C:\Users\Shath\AppData\Local\Temp
TEMP=C:\Users\Shath\AppData\Local\Temp




Periodic native trim disabled

JNI global refs:
JNI global refs: 28, weak refs: 2

JNI global refs memory usage: 835, weak refs: 833

Process memory usage:
Resident Set Size: 339360K (4% of 8218416K total physical memory with 714516K free physical memory)

OOME stack traces (most recent first):
Classloader memory used:
Loader org.gradle.internal.classloader.VisitableURLClassLoader                         : 37485K
Loader bootstrap                                                                       : 23995K
Loader org.gradle.initialization.MixInLegacyTypesClassLoader                           : 10889K
Loader org.gradle.internal.classloader.VisitableURLClassLoader$InstrumentingVisitableURLClassLoader: 6382K
Loader jdk.internal.loader.ClassLoaders$PlatformClassLoader                            : 511K
Loader jdk.internal.loader.ClassLoaders$AppClassLoader                                 : 235K
Loader jdk.internal.reflect.DelegatingClassLoader                                      : 181K
Loader org.gradle.groovy.scripts.internal.DefaultScriptCompilationHandler$ScriptClassLoader: 121K
Loader org.gradle.internal.classloader.VisitableURLClassLoader                         : 116K
Loader org.codehaus.groovy.runtime.callsite.CallSiteClassLoader                        : 17120B

Classes loaded by more than one classloader:
Class Program                                                                         : loaded 4 times (x 72B)
Class com.google.common.base.Equivalence$Identity                                     : loaded 2 times (x 80B)
Class com.google.common.collect.RegularImmutableMap$KeySet                            : loaded 2 times (x 150B)
Class org.gradle.internal.classloader.FilteringClassLoader                            : loaded 2 times (x 103B)
Class com.google.common.base.CharMatcher$IsEither                                     : loaded 2 times (x 109B)
Class org.gradle.internal.classloader.ClassLoaderHierarchy                            : loaded 2 times (x 68B)
Class com.google.common.util.concurrent.ExecutionError                                : loaded 2 times (x 80B)
Class com.google.common.collect.ImmutableList$1                                       : loaded 2 times (x 95B)
Class org.gradle.api.internal.classpath.ManifestUtil                                  : loaded 2 times (x 69B)
Class com.google.common.collect.RegularImmutableMap                                   : loaded 2 times (x 119B)
Class com.google.common.collect.ImmutableMap$MapViewOfValuesAsSingletonSets           : loaded 2 times (x 124B)
Class com.google.common.collect.UnmodifiableListIterator                              : loaded 2 times (x 93B)
Class [Lcom.google.common.cache.CacheBuilder$OneWeigher;                              : loaded 2 times (x 67B)
Class com.google.common.base.Suppliers                                                : loaded 2 times (x 69B)
Class org.gradle.internal.classloader.DefaultClassLoaderFactory                       : loaded 2 times (x 80B)
Class org.gradle.internal.classloader.ClassLoaderVisitor                              : loaded 2 times (x 74B)
Class [Lcom.google.common.collect.ImmutableMapEntry;                                  : loaded 2 times (x 67B)
Class org.gradle.api.internal.classpath.EffectiveClassPath                            : loaded 2 times (x 88B)
Class com.google.common.collect.ImmutableEnumMap                                      : loaded 2 times (x 124B)
Class org.gradle.api.internal.DefaultClassPathProvider                                : loaded 2 times (x 74B)
Class [Lorg.gradle.api.internal.ClassPathProvider;                                    : loaded 2 times (x 67B)
Class org.gradle.api.internal.ClassPathProvider                                       : loaded 2 times (x 68B)
Class com.google.common.util.concurrent.AbstractFuture$SafeAtomicHelper               : loaded 2 times (x 77B)
Class com.google.common.cache.LocalCache$LocalLoadingCache                            : loaded 2 times (x 132B)
Class org.gradle.internal.service.UnknownServiceException                             : loaded 2 times (x 81B)
Class com.google.common.cache.LocalCache$Strength$1                                   : loaded 2 times (x 79B)
Class com.google.common.util.concurrent.SettableFuture                                : loaded 2 times (x 112B)
Class com.google.common.cache.LocalCache$Strength$2                                   : loaded 2 times (x 79B)
Class com.google.common.cache.LocalCache$Strength$3                                   : loaded 2 times (x 79B)
Class com.google.common.collect.MapDifference                                         : loaded 2 times (x 68B)
Class com.google.common.cache.CacheBuilder$NullListener                               : loaded 2 times (x 80B)
Class org.gradle.internal.classpath.TransformedClassPath                              : loaded 2 times (x 94B)
Class org.gradle.internal.classloader.InstrumentingClassLoader                        : loaded 2 times (x 68B)
Class com.google.common.cache.CacheLoader$FunctionToCacheLoader                       : loaded 2 times (x 73B)
Class com.google.common.collect.Iterators$ArrayItr                                    : loaded 2 times (x 95B)
Class com.google.common.collect.ImmutableCollection$Builder                           : loaded 2 times (x 74B)
Class ijKotlinCoroutineJvmDebugInit1_7f25tnsadz18gddgx8lfnkz93                        : loaded 2 times (x 177B)
Class com.google.common.base.MoreObjects                                              : loaded 2 times (x 69B)
Class com.google.common.collect.UnmodifiableIterator                                  : loaded 2 times (x 78B)
Class org.gradle.internal.service.ServiceLocator                                      : loaded 2 times (x 68B)
Class com.google.common.cache.LocalCache$1                                            : loaded 2 times (x 87B)
Class com.google.common.collect.AbstractMapEntry                                      : loaded 2 times (x 79B)
Class com.google.common.cache.LocalCache$2                                            : loaded 2 times (x 140B)
Class com.google.common.util.concurrent.AbstractFuture$UnsafeAtomicHelper$1           : loaded 2 times (x 74B)
Class com.google.common.collect.RegularImmutableAsList                                : loaded 2 times (x 215B)
Class com.google.common.util.concurrent.AbstractFuture$Trusted                        : loaded 2 times (x 68B)
Class com.google.common.collect.Iterators                                             : loaded 2 times (x 69B)
Class com.google.common.util.concurrent.UncheckedExecutionException                   : loaded 2 times (x 80B)
Class org.gradle.kotlin.dsl.VersionCatalogAccessorsKt                                 : loaded 2 times (x 69B)
Class org.gradle.internal.InternalTransformer                                         : loaded 2 times (x 68B)
Class com.google.common.base.CharMatcher$And                                          : loaded 2 times (x 110B)
Class com.google.common.cache.CacheLoader$UnsupportedLoadingOperationException        : loaded 2 times (x 80B)
Class org.gradle.internal.classloader.ClasspathUtil$1                                 : loaded 2 times (x 74B)
Class com.google.common.collect.IndexedImmutableSet                                   : loaded 2 times (x 150B)
Class com.google.common.collect.ImmutableMap$1                                        : loaded 2 times (x 79B)
Class com.google.common.collect.BiMap                                                 : loaded 2 times (x 68B)
Class org.gradle.api.internal.classpath.DefaultModuleRegistry$DefaultModule           : loaded 2 times (x 84B)
Class com.google.common.collect.AbstractIterator                                      : loaded 2 times (x 80B)
Class com.google.common.collect.AbstractIndexedListIterator                           : loaded 2 times (x 94B)
Class com.google.common.math.MathPreconditions                                        : loaded 2 times (x 69B)
Class com.google.common.collect.ImmutableMapEntrySet                                  : loaded 2 times (x 150B)
Class org.gradle.api.internal.classpath.Module                                        : loaded 2 times (x 68B)
Class com.google.common.cache.Weigher                                                 : loaded 2 times (x 68B)
Class org.gradle.api.internal.classpath.UnknownModuleException                        : loaded 2 times (x 80B)
Class com.google.common.base.Stopwatch                                                : loaded 2 times (x 70B)
Class com.google.common.cache.LocalCache$Strength                                     : loaded 2 times (x 79B)
Class com.google.common.cache.Cache                                                   : loaded 2 times (x 68B)
Class ijKotlinCoroutineJvmDebugInit1_7f25tnsadz18gddgx8lfnkz93$_run_closure1$_closure2: loaded 2 times (x 137B)
Class com.google.common.util.concurrent.AbstractFuture$Cancellation                   : loaded 2 times (x 70B)
Class com.google.common.collect.ImmutableMap$Builder                                  : loaded 2 times (x 80B)
Class com.google.common.cache.RemovalListener                                         : loaded 2 times (x 68B)
Class org.gradle.api.internal.DefaultClassPathRegistry                                : loaded 2 times (x 74B)
Class org.gradle.api.internal.ClassPathRegistry                                       : loaded 2 times (x 68B)
Class org.gradle.internal.classpath.DefaultClassPath$ImmutableUniqueList              : loaded 2 times (x 197B)
Class com.google.common.cache.CacheBuilder                                            : loaded 2 times (x 70B)
Class com.google.common.collect.SingletonImmutableList                                : loaded 2 times (x 205B)
Class com.google.common.base.PairwiseEquivalence                                      : loaded 2 times (x 81B)
Class Settings_gradle$1                                                               : loaded 2 times (x 72B)
Class org.gradle.internal.classpath.ClassPath                                         : loaded 2 times (x 68B)
Class org.gradle.api.UncheckedIOException                                             : loaded 2 times (x 80B)
Class com.google.common.collect.ImmutableList$ReverseImmutableList                    : loaded 2 times (x 207B)
Class com.google.common.util.concurrent.AbstractFuture$AtomicHelper                   : loaded 2 times (x 76B)
Class com.google.common.base.Suppliers$SupplierOfInstance                             : loaded 2 times (x 77B)
Class com.google.common.collect.Iterators$1                                           : loaded 2 times (x 79B)
Class com.google.common.cache.LocalCache$ComputingValueReference                      : loaded 2 times (x 94B)
Class com.google.common.collect.SingletonImmutableSet                                 : loaded 2 times (x 144B)
Class com.google.common.collect.ImmutableMap$IteratorBasedImmutableMap                : loaded 2 times (x 124B)
Class com.google.common.cache.LocalCache$Segment                                      : loaded 2 times (x 152B)
Class com.google.common.cache.CacheLoader                                             : loaded 2 times (x 72B)
Class com.google.common.collect.Iterators$4                                           : loaded 2 times (x 80B)
Class com.google.common.collect.ImmutableBiMap                                        : loaded 2 times (x 141B)
Class org.gradle.internal.installation.GradleInstallation$1                           : loaded 2 times (x 73B)
Class org.gradle.api.internal.classpath.ModuleRegistry                                : loaded 2 times (x 68B)
Class com.google.common.util.concurrent.internal.InternalFutureFailureAccess          : loaded 2 times (x 70B)
Class com.google.common.collect.Iterators$5                                           : loaded 2 times (x 80B)
Class com.google.common.collect.ImmutableSet$JdkBackedSetBuilderImpl                  : loaded 2 times (x 74B)
Class com.google.common.util.concurrent.AbstractFuture$UnsafeAtomicHelper             : loaded 2 times (x 76B)
Class com.google.common.base.CharMatcher$ForPredicate                                 : loaded 2 times (x 110B)
Class com.google.common.cache.LocalCache$LocalManualCache$1                           : loaded 2 times (x 73B)
Class ijJvmDebugger1_63h5az0q4vqqvu99ruxsos6tw$_run_closure1                          : loaded 2 times (x 137B)
Class com.google.common.base.CharMatcher$AnyOf                                        : loaded 2 times (x 110B)
Class com.google.common.collect.ImmutableCollection                                   : loaded 2 times (x 123B)
Class org.gradle.api.internal.classpath.DefaultModuleRegistry                         : loaded 2 times (x 84B)
Class com.google.common.util.concurrent.ListenableFuture                              : loaded 2 times (x 68B)
Class com.google.common.cache.ReferenceEntry                                          : loaded 2 times (x 68B)
Class com.google.common.base.Converter                                                : loaded 2 times (x 88B)
Class com.google.common.collect.ImmutableSet$CachingAsList                            : loaded 2 times (x 146B)
Class com.google.common.util.concurrent.AbstractFuture                                : loaded 2 times (x 104B)
Class com.google.common.base.FunctionalEquivalence                                    : loaded 2 times (x 81B)
Class com.google.common.collect.Iterators$9                                           : loaded 2 times (x 79B)
Class com.google.common.collect.ImmutableAsList                                       : loaded 2 times (x 207B)
Class com.google.common.cache.CacheLoader$SupplierToCacheLoader                       : loaded 2 times (x 73B)
Class com.google.common.collect.Maps$EntryTransformer                                 : loaded 2 times (x 68B)
Class ijKotlinCoroutineJvmDebugInit1_7f25tnsadz18gddgx8lfnkz93$_run_closure1          : loaded 2 times (x 137B)
Class org.gradle.internal.service.ServiceLookupException                              : loaded 2 times (x 80B)
Class [Lcom.google.common.cache.LocalCache$EntryFactory;                              : loaded 2 times (x 67B)
Class org.gradle.internal.classloader.ClassLoaderFactory                              : loaded 2 times (x 68B)
Class com.google.common.base.CharMatcher$IsNot                                        : loaded 2 times (x 109B)
Class com.google.common.cache.LocalCache$LocalManualCache                             : loaded 2 times (x 97B)
Class org.gradle.internal.service.CachingServiceLocator                               : loaded 2 times (x 80B)
Class com.google.common.math.IntMath                                                  : loaded 2 times (x 69B)
Class com.google.common.collect.ImmutableMapEntry                                     : loaded 2 times (x 83B)
Class com.google.common.base.Equivalence                                              : loaded 2 times (x 80B)
Class com.google.common.base.Function                                                 : loaded 2 times (x 68B)
Class com.google.common.collect.ImmutableMapEntry$NonTerminalImmutableMapEntry        : loaded 2 times (x 83B)
Class com.google.common.cache.CacheBuilder$OneWeigher                                 : loaded 2 times (x 80B)
Class com.google.common.collect.RegularImmutableList                                  : loaded 2 times (x 211B)
Class org.gradle.internal.classloader.ClasspathUtil                                   : loaded 2 times (x 69B)
Class com.google.common.util.concurrent.Uninterruptibles                              : loaded 2 times (x 69B)
Class com.google.common.collect.Maps                                                  : loaded 2 times (x 69B)
Class org.gradle.api.specs.Spec                                                       : loaded 2 times (x 68B)
Class [Lcom.google.common.collect.ImmutableEntry;                                     : loaded 2 times (x 67B)
Class ijJvmDebugger1_63h5az0q4vqqvu99ruxsos6tw                                        : loaded 2 times (x 177B)
Class com.google.common.cache.LocalCache$LoadingValueReference                        : loaded 2 times (x 94B)
Class Build_gradle$1                                                                  : loaded 2 times (x 76B)
Class com.google.common.collect.Maps$8                                                : loaded 2 times (x 80B)
Class ijJvmDebugger1_63h5az0q4vqqvu99ruxsos6tw$_run_closure1$_closure2                : loaded 2 times (x 138B)
Class com.google.common.cache.LocalCache$StrongValueReference                         : loaded 2 times (x 88B)
Class com.google.common.util.concurrent.AbstractFuture$SynchronizedHelper             : loaded 2 times (x 76B)
Class org.gradle.internal.classloader.VisitableURLClassLoader$InstrumentingVisitableURLClassLoader: loaded 2 times (x 121B)
Class [Lcom.google.common.cache.CacheBuilder$NullListener;                            : loaded 2 times (x 67B)
Class com.google.common.math.IntMath$1                                                : loaded 2 times (x 69B)
Class org.gradle.internal.classloader.VisitableURLClassLoader$Spec                    : loaded 2 times (x 72B)
Class org.gradle.internal.classpath.DefaultClassPath                                  : loaded 2 times (x 88B)
Class com.google.common.base.CharMatcher$Ascii                                        : loaded 2 times (x 110B)
Class com.google.common.base.CharMatcher$BitSetMatcher                                : loaded 2 times (x 110B)
Class com.google.common.collect.RegularImmutableMap$Values                            : loaded 2 times (x 205B)
Class com.google.common.collect.ImmutableSet                                          : loaded 2 times (x 143B)
Class org.gradle.internal.classloader.ClassLoaderSpec                                 : loaded 2 times (x 69B)
Class com.google.common.cache.CacheStats                                              : loaded 2 times (x 69B)
Class com.google.common.util.concurrent.AbstractFuture$Listener                       : loaded 2 times (x 70B)
Class com.google.common.base.CharMatcher$Or                                           : loaded 2 times (x 110B)
Class Settings_gradle$1$1                                                             : loaded 2 times (x 72B)
Class com.google.common.base.Supplier                                                 : loaded 2 times (x 68B)
Class org.gradle.internal.classloader.VisitableURLClassLoader                         : loaded 2 times (x 115B)
Class com.google.common.util.concurrent.AbstractFuture$Waiter                         : loaded 2 times (x 70B)
Class Settings_gradle                                                                 : loaded 2 times (x 126B)
Class org.gradle.internal.Cast                                                        : loaded 2 times (x 69B)
Class org.gradle.api.Action                                                           : loaded 2 times (x 68B)
Class com.google.common.base.CharMatcher$FastMatcher                                  : loaded 2 times (x 109B)
Class com.google.common.base.Ticker                                                   : loaded 2 times (x 70B)
Class [Lcom.google.common.cache.LocalCache$Segment;                                   : loaded 2 times (x 67B)
Class com.google.common.base.Predicate                                                : loaded 2 times (x 68B)
Class [Lcom.google.common.cache.LocalCache$Strength;                                  : loaded 2 times (x 67B)
Class com.google.common.cache.CacheBuilder$1                                          : loaded 2 times (x 83B)
Class com.google.common.collect.ImmutableMap                                          : loaded 2 times (x 118B)
Class org.gradle.internal.classpath.DefaultClassPath$ImmutableUniqueList$Builder      : loaded 2 times (x 73B)
Class com.google.common.base.CharMatcher$NegatedFastMatcher                           : loaded 2 times (x 111B)
Class com.google.common.cache.LocalCache                                              : loaded 2 times (x 185B)
Class com.google.common.cache.CacheBuilder$2                                          : loaded 2 times (x 77B)
Class com.google.common.cache.CacheBuilder$3                                          : loaded 2 times (x 70B)
Class [Lcom.google.common.collect.AbstractMapEntry;                                   : loaded 2 times (x 67B)
Class com.google.common.collect.ImmutableEntry                                        : loaded 2 times (x 80B)
Class org.gradle.api.GradleException                                                  : loaded 2 times (x 80B)
Class com.google.common.collect.CollectPreconditions                                  : loaded 2 times (x 69B)
Class com.google.common.collect.SortedMapDifference                                   : loaded 2 times (x 68B)
Class com.google.common.cache.LocalCache$EntryFactory                                 : loaded 2 times (x 81B)
Class com.google.common.cache.LocalCache$AbstractReferenceEntry                       : loaded 2 times (x 105B)
Class org.gradle.internal.IoActions                                                   : loaded 2 times (x 69B)
Class com.google.common.cache.CacheLoader$InvalidCacheLoadException                   : loaded 2 times (x 80B)
Class com.google.common.collect.ImmutableSet$RegularSetBuilderImpl                    : loaded 2 times (x 75B)
Class org.gradle.internal.classloader.SystemClassLoaderSpec                           : loaded 2 times (x 69B)
Class com.google.common.cache.LocalCache$StrongEntry                                  : loaded 2 times (x 106B)
Class com.google.common.util.concurrent.AbstractFuture$TrustedFuture                  : loaded 2 times (x 112B)
Class com.google.common.cache.LoadingCache                                            : loaded 2 times (x 68B)
Class [Lcom.google.common.cache.Weigher;                                              : loaded 2 times (x 67B)
Class com.google.common.collect.RegularImmutableMap$BucketOverflowException           : loaded 2 times (x 80B)
Class com.google.common.base.CharMatcher$Negated                                      : loaded 2 times (x 111B)
Class com.google.common.base.CharMatcher$Is                                           : loaded 2 times (x 109B)
Class com.google.common.cache.LocalCache$ValueReference                               : loaded 2 times (x 68B)
Class com.google.common.util.concurrent.AbstractFuture$Failure                        : loaded 2 times (x 70B)
Class com.google.common.base.Equivalence$Equals                                       : loaded 2 times (x 80B)
Class com.google.common.collect.Hashing                                               : loaded 2 times (x 69B)
Class com.google.common.base.Preconditions                                            : loaded 2 times (x 69B)
Class com.google.common.base.CharMatcher                                              : loaded 2 times (x 109B)
Class com.google.common.collect.PeekingIterator                                       : loaded 2 times (x 68B)
Class com.google.common.base.CharMatcher$NamedFastMatcher                             : loaded 2 times (x 110B)
Class com.google.common.base.CharMatcher$1                                            : loaded 2 times (x 111B)
Class com.google.common.cache.LocalCache$EntryFactory$1                               : loaded 2 times (x 81B)
Class [Lcom.google.common.cache.RemovalListener;                                      : loaded 2 times (x 67B)
Class com.google.common.cache.LocalCache$EntryFactory$2                               : loaded 2 times (x 81B)
Class org.gradle.api.internal.classpath.GlobalCacheRootsProvider                      : loaded 2 times (x 68B)
Class com.google.common.cache.LocalCache$EntryFactory$3                               : loaded 2 times (x 81B)
Class com.google.common.base.Ticker$1                                                 : loaded 2 times (x 70B)
Class com.google.common.collect.Maps$BiMapConverter                                   : loaded 2 times (x 88B)
Class com.google.common.collect.ImmutableMapEntrySet$RegularEntrySet                  : loaded 2 times (x 150B)
Class com.google.common.base.CharMatcher$InRange                                      : loaded 2 times (x 109B)
Class com.google.common.cache.LocalCache$EntryFactory$4                               : loaded 2 times (x 81B)
Class com.google.common.collect.ImmutableSet$Builder                                  : loaded 2 times (x 83B)
Class com.google.common.cache.LocalCache$EntryFactory$5                               : loaded 2 times (x 81B)
Class com.google.common.cache.LocalCache$EntryFactory$6                               : loaded 2 times (x 81B)
Class Build_gradle                                                                    : loaded 2 times (x 70B)
Class org.gradle.internal.installation.CurrentGradleInstallationLocator               : loaded 2 times (x 69B)
Class com.google.common.cache.LocalCache$EntryFactory$7                               : loaded 2 times (x 81B)
Class com.google.common.collect.ImmutableSet$EmptySetBuilderImpl                      : loaded 2 times (x 74B)
Class com.google.common.collect.ImmutableList                                         : loaded 2 times (x 204B)
Class org.gradle.internal.service.DefaultServiceLocator                               : loaded 2 times (x 81B)
Class com.google.common.cache.LocalCache$EntryFactory$8                               : loaded 2 times (x 81B)
Class com.google.common.collect.ImmutableSet$SetBuilderImpl                           : loaded 2 times (x 74B)
Class org.gradle.internal.installation.CurrentGradleInstallation                      : loaded 2 times (x 71B)
Class com.google.common.cache.CacheLoader$1                                           : loaded 2 times (x 73B)
Class com.google.common.collect.ImmutableList$SubList                                 : loaded 2 times (x 207B)
Class org.gradle.util.internal.GUtil                                                  : loaded 2 times (x 69B)
Class com.google.common.util.concurrent.AbstractFuture$SetFuture                      : loaded 2 times (x 73B)
Class com.google.common.cache.AbstractCache$StatsCounter                              : loaded 2 times (x 68B)
Class com.google.common.collect.Iterators$MergingIterator                             : loaded 2 times (x 79B)
Class com.google.common.collect.RegularImmutableSet                                   : loaded 2 times (x 147B)
Class org.gradle.internal.installation.GradleInstallation                             : loaded 2 times (x 73B)
Class com.google.common.collect.Iterables                                             : loaded 2 times (x 69B)

---------------  S Y S T E M  ---------------

OS:
 Windows 11 , 64 bit Build 26100 (10.0.26100.7309)
OS uptime: 11 days 21:56 hours
Hyper-V role detected

CPU: total 4 (initial active 4) (2 cores per cpu, 2 threads per core) family 6 model 142 stepping 12 microcode 0xde, cx8, cmov, fxsr, ht, mmx, 3dnowpref, sse, sse2, sse3, ssse3, sse4.1, sse4.2, popcnt, lzcnt, tsc, tscinvbit, avx, avx2, aes, erms, clmul, bmi1, bmi2, adx, fma, vzeroupper, clflush, clflushopt, hv, rdtscp, f16c
Processor Information for the first 4 processors :
  Max Mhz: 2592, Current Mhz: 2592, Mhz Limit: 2073

Memory: 4k page, system-wide physical 8025M (698M free)
TotalPageFile size 20671M (AvailPageFile size 7M)
current process WorkingSet (physical memory assigned to process): 331M, peak: 331M
current process commit charge ("private bytes"): 361M, peak: 363M

vm_info: OpenJDK 64-Bit Server VM (21.0.7+-13880790-b1038.58) for windows-amd64 JRE (21.0.7+-13880790-b1038.58), built on 2025-08-04T20:56:21Z by "builder" with MS VC++ 16.10 / 16.11 (VS2019)

END.
